{"C:\\Users\\HARIPRIYAN\\Desktop\\course_finder\\backend\\src\\controllers\\activityController.js": {"path":"C:\\Users\\HARIPRIYAN\\Desktop\\course_finder\\backend\\src\\controllers\\activityController.js","statementMap":{"0":{"start":{"line":4,"column":26},"end":{"line":7,"column":1}},"1":{"start":{"line":10,"column":28},"end":{"line":18,"column":1}},"2":{"start":{"line":24,"column":29},"end":{"line":115,"column":1}},"3":{"start":{"line":25,"column":2},"end":{"line":114,"column":3}},"4":{"start":{"line":26,"column":19},"end":{"line":26,"column":46}},"5":{"start":{"line":27,"column":17},"end":{"line":27,"column":25}},"6":{"start":{"line":29,"column":26},"end":{"line":29,"column":28}},"7":{"start":{"line":32,"column":4},"end":{"line":38,"column":5}},"8":{"start":{"line":33,"column":6},"end":{"line":33,"column":36}},"9":{"start":{"line":34,"column":11},"end":{"line":38,"column":5}},"10":{"start":{"line":35,"column":6},"end":{"line":35,"column":31}},"11":{"start":{"line":37,"column":6},"end":{"line":37,"column":90}},"12":{"start":{"line":40,"column":4},"end":{"line":42,"column":5}},"13":{"start":{"line":41,"column":6},"end":{"line":41,"column":86}},"14":{"start":{"line":44,"column":24},"end":{"line":44,"column":26}},"15":{"start":{"line":45,"column":29},"end":{"line":45,"column":31}},"16":{"start":{"line":46,"column":24},"end":{"line":46,"column":60}},"17":{"start":{"line":49,"column":4},"end":{"line":71,"column":5}},"18":{"start":{"line":50,"column":6},"end":{"line":52,"column":7}},"19":{"start":{"line":51,"column":8},"end":{"line":51,"column":17}},"20":{"start":{"line":55,"column":31},"end":{"line":55,"column":82}},"21":{"start":{"line":57,"column":23},"end":{"line":64,"column":7}},"22":{"start":{"line":66,"column":6},"end":{"line":70,"column":7}},"23":{"start":{"line":67,"column":8},"end":{"line":67,"column":40}},"24":{"start":{"line":69,"column":8},"end":{"line":69,"column":35}},"25":{"start":{"line":75,"column":4},"end":{"line":98,"column":5}},"26":{"start":{"line":77,"column":24},"end":{"line":77,"column":77}},"27":{"start":{"line":77,"column":50},"end":{"line":77,"column":60}},"28":{"start":{"line":79,"column":30},"end":{"line":79,"column":32}},"29":{"start":{"line":80,"column":6},"end":{"line":87,"column":7}},"30":{"start":{"line":81,"column":8},"end":{"line":86,"column":37}},"31":{"start":{"line":89,"column":30},"end":{"line":89,"column":89}},"32":{"start":{"line":89,"column":65},"end":{"line":89,"column":87}},"33":{"start":{"line":91,"column":6},"end":{"line":97,"column":7}},"34":{"start":{"line":92,"column":8},"end":{"line":95,"column":9}},"35":{"start":{"line":94,"column":10},"end":{"line":94,"column":19}},"36":{"start":{"line":96,"column":8},"end":{"line":96,"column":30}},"37":{"start":{"line":101,"column":4},"end":{"line":103,"column":5}},"38":{"start":{"line":102,"column":6},"end":{"line":102,"column":70}},"39":{"start":{"line":105,"column":4},"end":{"line":109,"column":7}},"40":{"start":{"line":112,"column":4},"end":{"line":112,"column":53}},"41":{"start":{"line":113,"column":4},"end":{"line":113,"column":82}}},"fnMap":{"0":{"name":"(anonymous_0)","decl":{"start":{"line":24,"column":29},"end":{"line":24,"column":30}},"loc":{"start":{"line":24,"column":49},"end":{"line":115,"column":1}},"line":24},"1":{"name":"(anonymous_1)","decl":{"start":{"line":77,"column":45},"end":{"line":77,"column":46}},"loc":{"start":{"line":77,"column":50},"end":{"line":77,"column":60}},"line":77},"2":{"name":"(anonymous_2)","decl":{"start":{"line":89,"column":60},"end":{"line":89,"column":61}},"loc":{"start":{"line":89,"column":65},"end":{"line":89,"column":87}},"line":89}},"branchMap":{"0":{"loc":{"start":{"line":26,"column":19},"end":{"line":26,"column":46}},"type":"binary-expr","locations":[{"start":{"line":26,"column":19},"end":{"line":26,"column":31}},{"start":{"line":26,"column":35},"end":{"line":26,"column":46}}],"line":26},"1":{"loc":{"start":{"line":32,"column":4},"end":{"line":38,"column":5}},"type":"if","locations":[{"start":{"line":32,"column":4},"end":{"line":38,"column":5}},{"start":{"line":34,"column":11},"end":{"line":38,"column":5}}],"line":32},"2":{"loc":{"start":{"line":32,"column":8},"end":{"line":32,"column":49}},"type":"binary-expr","locations":[{"start":{"line":32,"column":8},"end":{"line":32,"column":19}},{"start":{"line":32,"column":23},"end":{"line":32,"column":49}}],"line":32},"3":{"loc":{"start":{"line":34,"column":11},"end":{"line":38,"column":5}},"type":"if","locations":[{"start":{"line":34,"column":11},"end":{"line":38,"column":5}},{"start":{"line":36,"column":11},"end":{"line":38,"column":5}}],"line":34},"4":{"loc":{"start":{"line":40,"column":4},"end":{"line":42,"column":5}},"type":"if","locations":[{"start":{"line":40,"column":4},"end":{"line":42,"column":5}},{"start":{},"end":{}}],"line":40},"5":{"loc":{"start":{"line":50,"column":6},"end":{"line":52,"column":7}},"type":"if","locations":[{"start":{"line":50,"column":6},"end":{"line":52,"column":7}},{"start":{},"end":{}}],"line":50},"6":{"loc":{"start":{"line":50,"column":10},"end":{"line":50,"column":70}},"type":"binary-expr","locations":[{"start":{"line":50,"column":10},"end":{"line":50,"column":24}},{"start":{"line":50,"column":28},"end":{"line":50,"column":70}}],"line":50},"7":{"loc":{"start":{"line":55,"column":31},"end":{"line":55,"column":82}},"type":"binary-expr","locations":[{"start":{"line":55,"column":31},"end":{"line":55,"column":65}},{"start":{"line":55,"column":69},"end":{"line":55,"column":82}}],"line":55},"8":{"loc":{"start":{"line":60,"column":18},"end":{"line":60,"column":38}},"type":"binary-expr","locations":[{"start":{"line":60,"column":18},"end":{"line":60,"column":30}},{"start":{"line":60,"column":34},"end":{"line":60,"column":38}}],"line":60},"9":{"loc":{"start":{"line":61,"column":20},"end":{"line":61,"column":47}},"type":"binary-expr","locations":[{"start":{"line":61,"column":20},"end":{"line":61,"column":34}},{"start":{"line":61,"column":38},"end":{"line":61,"column":47}}],"line":61},"10":{"loc":{"start":{"line":62,"column":18},"end":{"line":62,"column":36}},"type":"binary-expr","locations":[{"start":{"line":62,"column":18},"end":{"line":62,"column":30}},{"start":{"line":62,"column":34},"end":{"line":62,"column":36}}],"line":62},"11":{"loc":{"start":{"line":66,"column":6},"end":{"line":70,"column":7}},"type":"if","locations":[{"start":{"line":66,"column":6},"end":{"line":70,"column":7}},{"start":{"line":68,"column":13},"end":{"line":70,"column":7}}],"line":66},"12":{"loc":{"start":{"line":75,"column":4},"end":{"line":98,"column":5}},"type":"if","locations":[{"start":{"line":75,"column":4},"end":{"line":98,"column":5}},{"start":{},"end":{}}],"line":75},"13":{"loc":{"start":{"line":80,"column":6},"end":{"line":87,"column":7}},"type":"if","locations":[{"start":{"line":80,"column":6},"end":{"line":87,"column":7}},{"start":{},"end":{}}],"line":80},"14":{"loc":{"start":{"line":92,"column":8},"end":{"line":95,"column":9}},"type":"if","locations":[{"start":{"line":92,"column":8},"end":{"line":95,"column":9}},{"start":{},"end":{}}],"line":92},"15":{"loc":{"start":{"line":92,"column":12},"end":{"line":92,"column":72}},"type":"binary-expr","locations":[{"start":{"line":92,"column":12},"end":{"line":92,"column":24}},{"start":{"line":92,"column":28},"end":{"line":92,"column":72}}],"line":92},"16":{"loc":{"start":{"line":101,"column":4},"end":{"line":103,"column":5}},"type":"if","locations":[{"start":{"line":101,"column":4},"end":{"line":103,"column":5}},{"start":{},"end":{}}],"line":101}},"s":{"0":0,"1":0,"2":0,"3":0,"4":0,"5":0,"6":0,"7":0,"8":0,"9":0,"10":0,"11":0,"12":0,"13":0,"14":0,"15":0,"16":0,"17":0,"18":0,"19":0,"20":0,"21":0,"22":0,"23":0,"24":0,"25":0,"26":0,"27":0,"28":0,"29":0,"30":0,"31":0,"32":0,"33":0,"34":0,"35":0,"36":0,"37":0,"38":0,"39":0,"40":0,"41":0},"f":{"0":0,"1":0,"2":0},"b":{"0":[0,0],"1":[0,0],"2":[0,0],"3":[0,0],"4":[0,0],"5":[0,0],"6":[0,0],"7":[0,0],"8":[0,0],"9":[0,0],"10":[0,0],"11":[0,0],"12":[0,0],"13":[0,0],"14":[0,0],"15":[0,0],"16":[0,0]},"inputSourceMap":null}
,"C:\\Users\\HARIPRIYAN\\Desktop\\course_finder\\backend\\src\\controllers\\adminController.js": {"path":"C:\\Users\\HARIPRIYAN\\Desktop\\course_finder\\backend\\src\\controllers\\adminController.js","statementMap":{"0":{"start":{"line":9,"column":24},"end":{"line":41,"column":1}},"1":{"start":{"line":10,"column":64},"end":{"line":10,"column":73}},"2":{"start":{"line":11,"column":16},"end":{"line":11,"column":18}},"3":{"start":{"line":13,"column":2},"end":{"line":19,"column":3}},"4":{"start":{"line":14,"column":26},"end":{"line":14,"column":45}},"5":{"start":{"line":15,"column":4},"end":{"line":18,"column":6}},"6":{"start":{"line":20,"column":2},"end":{"line":20,"column":30}},"7":{"start":{"line":20,"column":12},"end":{"line":20,"column":30}},"8":{"start":{"line":21,"column":2},"end":{"line":21,"column":57}},"9":{"start":{"line":21,"column":21},"end":{"line":21,"column":57}},"10":{"start":{"line":23,"column":15},"end":{"line":23,"column":49}},"11":{"start":{"line":25,"column":16},"end":{"line":30,"column":11}},"12":{"start":{"line":32,"column":16},"end":{"line":32,"column":48}},"13":{"start":{"line":34,"column":2},"end":{"line":40,"column":5}},"14":{"start":{"line":47,"column":32},"end":{"line":85,"column":1}},"15":{"start":{"line":48,"column":35},"end":{"line":48,"column":43}},"16":{"start":{"line":49,"column":24},"end":{"line":49,"column":57}},"17":{"start":{"line":51,"column":2},"end":{"line":53,"column":3}},"18":{"start":{"line":52,"column":4},"end":{"line":52,"column":79}},"19":{"start":{"line":55,"column":21},"end":{"line":55,"column":55}},"20":{"start":{"line":56,"column":2},"end":{"line":58,"column":3}},"21":{"start":{"line":57,"column":4},"end":{"line":57,"column":79}},"22":{"start":{"line":61,"column":2},"end":{"line":63,"column":3}},"23":{"start":{"line":62,"column":4},"end":{"line":62,"column":92}},"24":{"start":{"line":65,"column":2},"end":{"line":65,"column":36}},"25":{"start":{"line":67,"column":2},"end":{"line":72,"column":3}},"26":{"start":{"line":68,"column":17},"end":{"line":68,"column":42}},"27":{"start":{"line":69,"column":4},"end":{"line":69,"column":87}},"28":{"start":{"line":71,"column":4},"end":{"line":71,"column":42}},"29":{"start":{"line":74,"column":2},"end":{"line":74,"column":26}},"30":{"start":{"line":77,"column":2},"end":{"line":79,"column":3}},"31":{"start":{"line":78,"column":4},"end":{"line":78,"column":78}},"32":{"start":{"line":82,"column":2},"end":{"line":82,"column":103}},"33":{"start":{"line":84,"column":2},"end":{"line":84,"column":94}},"34":{"start":{"line":91,"column":30},"end":{"line":111,"column":1}},"35":{"start":{"line":92,"column":19},"end":{"line":92,"column":27}},"36":{"start":{"line":93,"column":21},"end":{"line":93,"column":66}},"37":{"start":{"line":95,"column":2},"end":{"line":97,"column":3}},"38":{"start":{"line":96,"column":4},"end":{"line":96,"column":77}},"39":{"start":{"line":99,"column":21},"end":{"line":99,"column":55}},"40":{"start":{"line":100,"column":2},"end":{"line":102,"column":3}},"41":{"start":{"line":101,"column":4},"end":{"line":101,"column":79}},"42":{"start":{"line":104,"column":18},"end":{"line":104,"column":33}},"43":{"start":{"line":105,"column":2},"end":{"line":105,"column":25}},"44":{"start":{"line":106,"column":2},"end":{"line":106,"column":26}},"45":{"start":{"line":108,"column":2},"end":{"line":108,"column":104}},"46":{"start":{"line":110,"column":2},"end":{"line":110,"column":90}},"47":{"start":{"line":117,"column":33},"end":{"line":138,"column":1}},"48":{"start":{"line":118,"column":75},"end":{"line":124,"column":4}},"49":{"start":{"line":128,"column":2},"end":{"line":137,"column":5}}},"fnMap":{"0":{"name":"(anonymous_0)","decl":{"start":{"line":9,"column":24},"end":{"line":9,"column":25}},"loc":{"start":{"line":9,"column":44},"end":{"line":41,"column":1}},"line":9},"1":{"name":"(anonymous_1)","decl":{"start":{"line":47,"column":32},"end":{"line":47,"column":33}},"loc":{"start":{"line":47,"column":52},"end":{"line":85,"column":1}},"line":47},"2":{"name":"(anonymous_2)","decl":{"start":{"line":91,"column":30},"end":{"line":91,"column":31}},"loc":{"start":{"line":91,"column":50},"end":{"line":111,"column":1}},"line":91},"3":{"name":"(anonymous_3)","decl":{"start":{"line":117,"column":33},"end":{"line":117,"column":34}},"loc":{"start":{"line":117,"column":53},"end":{"line":138,"column":1}},"line":117}},"branchMap":{"0":{"loc":{"start":{"line":10,"column":39},"end":{"line":10,"column":49}},"type":"default-arg","locations":[{"start":{"line":10,"column":47},"end":{"line":10,"column":49}}],"line":10},"1":{"loc":{"start":{"line":10,"column":51},"end":{"line":10,"column":59}},"type":"default-arg","locations":[{"start":{"line":10,"column":58},"end":{"line":10,"column":59}}],"line":10},"2":{"loc":{"start":{"line":13,"column":2},"end":{"line":19,"column":3}},"type":"if","locations":[{"start":{"line":13,"column":2},"end":{"line":19,"column":3}},{"start":{},"end":{}}],"line":13},"3":{"loc":{"start":{"line":20,"column":2},"end":{"line":20,"column":30}},"type":"if","locations":[{"start":{"line":20,"column":2},"end":{"line":20,"column":30}},{"start":{},"end":{}}],"line":20},"4":{"loc":{"start":{"line":21,"column":2},"end":{"line":21,"column":57}},"type":"if","locations":[{"start":{"line":21,"column":2},"end":{"line":21,"column":57}},{"start":{},"end":{}}],"line":21},"5":{"loc":{"start":{"line":51,"column":2},"end":{"line":53,"column":3}},"type":"if","locations":[{"start":{"line":51,"column":2},"end":{"line":53,"column":3}},{"start":{},"end":{}}],"line":51},"6":{"loc":{"start":{"line":56,"column":2},"end":{"line":58,"column":3}},"type":"if","locations":[{"start":{"line":56,"column":2},"end":{"line":58,"column":3}},{"start":{},"end":{}}],"line":56},"7":{"loc":{"start":{"line":61,"column":2},"end":{"line":63,"column":3}},"type":"if","locations":[{"start":{"line":61,"column":2},"end":{"line":63,"column":3}},{"start":{},"end":{}}],"line":61},"8":{"loc":{"start":{"line":61,"column":6},"end":{"line":61,"column":74}},"type":"binary-expr","locations":[{"start":{"line":61,"column":6},"end":{"line":61,"column":39}},{"start":{"line":61,"column":43},"end":{"line":61,"column":74}}],"line":61},"9":{"loc":{"start":{"line":67,"column":2},"end":{"line":72,"column":3}},"type":"if","locations":[{"start":{"line":67,"column":2},"end":{"line":72,"column":3}},{"start":{"line":70,"column":9},"end":{"line":72,"column":3}}],"line":67},"10":{"loc":{"start":{"line":68,"column":17},"end":{"line":68,"column":42}},"type":"binary-expr","locations":[{"start":{"line":68,"column":17},"end":{"line":68,"column":37}},{"start":{"line":68,"column":41},"end":{"line":68,"column":42}}],"line":68},"11":{"loc":{"start":{"line":77,"column":2},"end":{"line":79,"column":3}},"type":"if","locations":[{"start":{"line":77,"column":2},"end":{"line":79,"column":3}},{"start":{},"end":{}}],"line":77},"12":{"loc":{"start":{"line":77,"column":6},"end":{"line":77,"column":51}},"type":"binary-expr","locations":[{"start":{"line":77,"column":6},"end":{"line":77,"column":25}},{"start":{"line":77,"column":29},"end":{"line":77,"column":51}}],"line":77},"13":{"loc":{"start":{"line":95,"column":2},"end":{"line":97,"column":3}},"type":"if","locations":[{"start":{"line":95,"column":2},"end":{"line":97,"column":3}},{"start":{},"end":{}}],"line":95},"14":{"loc":{"start":{"line":100,"column":2},"end":{"line":102,"column":3}},"type":"if","locations":[{"start":{"line":100,"column":2},"end":{"line":102,"column":3}},{"start":{},"end":{}}],"line":100}},"s":{"0":0,"1":0,"2":0,"3":0,"4":0,"5":0,"6":0,"7":0,"8":0,"9":0,"10":0,"11":0,"12":0,"13":0,"14":0,"15":0,"16":0,"17":0,"18":0,"19":0,"20":0,"21":0,"22":0,"23":0,"24":0,"25":0,"26":0,"27":0,"28":0,"29":0,"30":0,"31":0,"32":0,"33":0,"34":0,"35":0,"36":0,"37":0,"38":0,"39":0,"40":0,"41":0,"42":0,"43":0,"44":0,"45":0,"46":0,"47":0,"48":0,"49":0},"f":{"0":0,"1":0,"2":0,"3":0},"b":{"0":[0],"1":[0],"2":[0,0],"3":[0,0],"4":[0,0],"5":[0,0],"6":[0,0],"7":[0,0],"8":[0,0],"9":[0,0],"10":[0,0],"11":[0,0],"12":[0,0],"13":[0,0],"14":[0,0]},"inputSourceMap":null}
,"C:\\Users\\HARIPRIYAN\\Desktop\\course_finder\\backend\\src\\controllers\\authController.js": {"path":"C:\\Users\\HARIPRIYAN\\Desktop\\course_finder\\backend\\src\\controllers\\authController.js","statementMap":{"0":{"start":{"line":10,"column":31},"end":{"line":29,"column":1}},"1":{"start":{"line":11,"column":22},"end":{"line":11,"column":51}},"2":{"start":{"line":12,"column":23},"end":{"line":12,"column":53}},"3":{"start":{"line":15,"column":27},"end":{"line":15,"column":89}},"4":{"start":{"line":18,"column":18},"end":{"line":18,"column":42}},"5":{"start":{"line":20,"column":2},"end":{"line":26,"column":5}},"6":{"start":{"line":28,"column":2},"end":{"line":28,"column":39}},"7":{"start":{"line":32,"column":20},"end":{"line":47,"column":2}},"8":{"start":{"line":32,"column":31},"end":{"line":47,"column":1}},"9":{"start":{"line":53,"column":21},"end":{"line":90,"column":1}},"10":{"start":{"line":55,"column":21},"end":{"line":55,"column":59}},"11":{"start":{"line":56,"column":2},"end":{"line":62,"column":3}},"12":{"start":{"line":57,"column":4},"end":{"line":61,"column":7}},"13":{"start":{"line":64,"column":36},"end":{"line":64,"column":51}},"14":{"start":{"line":67,"column":19},"end":{"line":67,"column":83}},"15":{"start":{"line":68,"column":2},"end":{"line":73,"column":3}},"16":{"start":{"line":69,"column":4},"end":{"line":72,"column":7}},"17":{"start":{"line":76,"column":15},"end":{"line":76,"column":100}},"18":{"start":{"line":79,"column":40},"end":{"line":79,"column":79}},"19":{"start":{"line":81,"column":2},"end":{"line":89,"column":5}},"20":{"start":{"line":96,"column":18},"end":{"line":133,"column":1}},"21":{"start":{"line":97,"column":21},"end":{"line":97,"column":56}},"22":{"start":{"line":98,"column":2},"end":{"line":104,"column":3}},"23":{"start":{"line":99,"column":4},"end":{"line":103,"column":7}},"24":{"start":{"line":106,"column":30},"end":{"line":106,"column":45}},"25":{"start":{"line":109,"column":15},"end":{"line":111,"column":3}},"26":{"start":{"line":114,"column":2},"end":{"line":119,"column":3}},"27":{"start":{"line":115,"column":4},"end":{"line":118,"column":7}},"28":{"start":{"line":122,"column":40},"end":{"line":122,"column":79}},"29":{"start":{"line":124,"column":2},"end":{"line":132,"column":5}},"30":{"start":{"line":139,"column":14},"end":{"line":163,"column":1}},"31":{"start":{"line":140,"column":2},"end":{"line":162,"column":3}},"32":{"start":{"line":141,"column":19},"end":{"line":141,"column":46}},"33":{"start":{"line":142,"column":17},"end":{"line":142,"column":110}},"34":{"start":{"line":144,"column":4},"end":{"line":146,"column":5}},"35":{"start":{"line":145,"column":6},"end":{"line":145,"column":81}},"36":{"start":{"line":149,"column":25},"end":{"line":149,"column":59}},"37":{"start":{"line":150,"column":26},"end":{"line":150,"column":94}},"38":{"start":{"line":151,"column":27},"end":{"line":151,"column":61}},"39":{"start":{"line":151,"column":50},"end":{"line":151,"column":60}},"40":{"start":{"line":153,"column":4},"end":{"line":159,"column":7}},"41":{"start":{"line":161,"column":4},"end":{"line":161,"column":77}},"42":{"start":{"line":169,"column":22},"end":{"line":219,"column":1}},"43":{"start":{"line":170,"column":2},"end":{"line":218,"column":3}},"44":{"start":{"line":171,"column":23},"end":{"line":171,"column":66}},"45":{"start":{"line":172,"column":4},"end":{"line":178,"column":5}},"46":{"start":{"line":173,"column":6},"end":{"line":177,"column":9}},"47":{"start":{"line":180,"column":22},"end":{"line":180,"column":37}},"48":{"start":{"line":181,"column":20},"end":{"line":181,"column":22}},"49":{"start":{"line":183,"column":4},"end":{"line":183,"column":68}},"50":{"start":{"line":183,"column":38},"end":{"line":183,"column":68}},"51":{"start":{"line":184,"column":4},"end":{"line":184,"column":65}},"52":{"start":{"line":184,"column":37},"end":{"line":184,"column":65}},"53":{"start":{"line":185,"column":4},"end":{"line":193,"column":5}},"54":{"start":{"line":186,"column":18},"end":{"line":191,"column":28}},"55":{"start":{"line":190,"column":24},"end":{"line":190,"column":32}},"56":{"start":{"line":192,"column":6},"end":{"line":192,"column":40}},"57":{"start":{"line":194,"column":4},"end":{"line":194,"column":98}},"58":{"start":{"line":194,"column":48},"end":{"line":194,"column":98}},"59":{"start":{"line":195,"column":4},"end":{"line":195,"column":80}},"60":{"start":{"line":195,"column":42},"end":{"line":195,"column":80}},"61":{"start":{"line":196,"column":4},"end":{"line":196,"column":80}},"62":{"start":{"line":196,"column":42},"end":{"line":196,"column":80}},"63":{"start":{"line":197,"column":4},"end":{"line":197,"column":77}},"64":{"start":{"line":197,"column":41},"end":{"line":197,"column":77}},"65":{"start":{"line":198,"column":4},"end":{"line":198,"column":89}},"66":{"start":{"line":198,"column":45},"end":{"line":198,"column":89}},"67":{"start":{"line":199,"column":4},"end":{"line":199,"column":83}},"68":{"start":{"line":199,"column":43},"end":{"line":199,"column":83}},"69":{"start":{"line":201,"column":4},"end":{"line":203,"column":5}},"70":{"start":{"line":202,"column":6},"end":{"line":202,"column":92}},"71":{"start":{"line":205,"column":17},"end":{"line":208,"column":26}},"72":{"start":{"line":210,"column":4},"end":{"line":214,"column":7}},"73":{"start":{"line":216,"column":4},"end":{"line":216,"column":49}},"74":{"start":{"line":217,"column":4},"end":{"line":217,"column":77}},"75":{"start":{"line":225,"column":23},"end":{"line":261,"column":1}},"76":{"start":{"line":226,"column":21},"end":{"line":226,"column":65}},"77":{"start":{"line":227,"column":2},"end":{"line":232,"column":3}},"78":{"start":{"line":228,"column":4},"end":{"line":231,"column":7}},"79":{"start":{"line":234,"column":20},"end":{"line":234,"column":35}},"80":{"start":{"line":236,"column":2},"end":{"line":254,"column":3}},"81":{"start":{"line":237,"column":17},"end":{"line":237,"column":74}},"82":{"start":{"line":239,"column":4},"end":{"line":251,"column":5}},"83":{"start":{"line":241,"column":25},"end":{"line":241,"column":63}},"84":{"start":{"line":244,"column":6},"end":{"line":244,"column":93}},"85":{"start":{"line":245,"column":6},"end":{"line":245,"column":61}},"86":{"start":{"line":246,"column":6},"end":{"line":246,"column":53}},"87":{"start":{"line":250,"column":6},"end":{"line":250,"column":81}},"88":{"start":{"line":253,"column":4},"end":{"line":253,"column":47}},"89":{"start":{"line":257,"column":2},"end":{"line":260,"column":5}},"90":{"start":{"line":267,"column":22},"end":{"line":294,"column":1}},"91":{"start":{"line":268,"column":29},"end":{"line":268,"column":95}},"92":{"start":{"line":270,"column":15},"end":{"line":273,"column":4}},"93":{"start":{"line":275,"column":2},"end":{"line":277,"column":3}},"94":{"start":{"line":276,"column":4},"end":{"line":276,"column":89}},"95":{"start":{"line":279,"column":23},"end":{"line":279,"column":31}},"96":{"start":{"line":280,"column":23},"end":{"line":280,"column":90}},"97":{"start":{"line":281,"column":2},"end":{"line":283,"column":3}},"98":{"start":{"line":282,"column":4},"end":{"line":282,"column":110}},"99":{"start":{"line":285,"column":2},"end":{"line":285,"column":27}},"100":{"start":{"line":286,"column":2},"end":{"line":286,"column":38}},"101":{"start":{"line":287,"column":2},"end":{"line":287,"column":39}},"102":{"start":{"line":288,"column":2},"end":{"line":288,"column":20}},"103":{"start":{"line":291,"column":2},"end":{"line":291,"column":70}},"104":{"start":{"line":293,"column":2},"end":{"line":293,"column":132}},"105":{"start":{"line":300,"column":23},"end":{"line":320,"column":1}},"106":{"start":{"line":301,"column":2},"end":{"line":303,"column":3}},"107":{"start":{"line":302,"column":4},"end":{"line":302,"column":87}},"108":{"start":{"line":305,"column":15},"end":{"line":307,"column":11}},"109":{"start":{"line":309,"column":2},"end":{"line":314,"column":3}},"110":{"start":{"line":310,"column":4},"end":{"line":313,"column":7}},"111":{"start":{"line":316,"column":2},"end":{"line":319,"column":5}},"112":{"start":{"line":326,"column":22},"end":{"line":364,"column":1}},"113":{"start":{"line":327,"column":2},"end":{"line":363,"column":3}},"114":{"start":{"line":328,"column":23},"end":{"line":328,"column":62}},"115":{"start":{"line":329,"column":4},"end":{"line":334,"column":5}},"116":{"start":{"line":330,"column":6},"end":{"line":333,"column":9}},"117":{"start":{"line":336,"column":26},"end":{"line":336,"column":41}},"118":{"start":{"line":337,"column":19},"end":{"line":337,"column":31}},"119":{"start":{"line":340,"column":19},"end":{"line":344,"column":5}},"120":{"start":{"line":346,"column":4},"end":{"line":351,"column":5}},"121":{"start":{"line":347,"column":6},"end":{"line":350,"column":9}},"122":{"start":{"line":353,"column":4},"end":{"line":356,"column":7}},"123":{"start":{"line":358,"column":4},"end":{"line":358,"column":51}},"124":{"start":{"line":359,"column":4},"end":{"line":362,"column":7}},"125":{"start":{"line":371,"column":22},"end":{"line":425,"column":1}},"126":{"start":{"line":372,"column":2},"end":{"line":424,"column":3}},"127":{"start":{"line":373,"column":19},"end":{"line":373,"column":31}},"128":{"start":{"line":376,"column":55},"end":{"line":376,"column":89}},"129":{"start":{"line":379,"column":24},"end":{"line":379,"column":114}},"130":{"start":{"line":380,"column":4},"end":{"line":383,"column":5}},"131":{"start":{"line":381,"column":6},"end":{"line":381,"column":96}},"132":{"start":{"line":381,"column":27},"end":{"line":381,"column":96}},"133":{"start":{"line":382,"column":6},"end":{"line":382,"column":116}},"134":{"start":{"line":382,"column":38},"end":{"line":382,"column":116}},"135":{"start":{"line":384,"column":23},"end":{"line":384,"column":82}},"136":{"start":{"line":385,"column":4},"end":{"line":387,"column":5}},"137":{"start":{"line":390,"column":4},"end":{"line":409,"column":7}},"138":{"start":{"line":412,"column":4},"end":{"line":412,"column":41}},"139":{"start":{"line":414,"column":4},"end":{"line":417,"column":7}},"140":{"start":{"line":419,"column":4},"end":{"line":419,"column":50}},"141":{"start":{"line":420,"column":4},"end":{"line":423,"column":7}},"142":{"start":{"line":431,"column":23},"end":{"line":479,"column":1}},"143":{"start":{"line":432,"column":43},"end":{"line":432,"column":51}},"144":{"start":{"line":434,"column":2},"end":{"line":439,"column":3}},"145":{"start":{"line":435,"column":4},"end":{"line":438,"column":7}},"146":{"start":{"line":442,"column":23},"end":{"line":442,"column":103}},"147":{"start":{"line":443,"column":2},"end":{"line":449,"column":3}},"148":{"start":{"line":444,"column":4},"end":{"line":448,"column":7}},"149":{"start":{"line":451,"column":2},"end":{"line":478,"column":3}},"150":{"start":{"line":452,"column":17},"end":{"line":452,"column":70}},"151":{"start":{"line":453,"column":4},"end":{"line":455,"column":5}},"152":{"start":{"line":454,"column":6},"end":{"line":454,"column":81}},"153":{"start":{"line":457,"column":20},"end":{"line":457,"column":63}},"154":{"start":{"line":458,"column":4},"end":{"line":463,"column":5}},"155":{"start":{"line":459,"column":6},"end":{"line":462,"column":9}},"156":{"start":{"line":465,"column":4},"end":{"line":465,"column":32}},"157":{"start":{"line":466,"column":4},"end":{"line":466,"column":22}},"158":{"start":{"line":469,"column":4},"end":{"line":469,"column":76}},"159":{"start":{"line":471,"column":4},"end":{"line":474,"column":7}},"160":{"start":{"line":476,"column":4},"end":{"line":476,"column":51}},"161":{"start":{"line":477,"column":4},"end":{"line":477,"column":77}},"162":{"start":{"line":485,"column":28},"end":{"line":529,"column":1}},"163":{"start":{"line":486,"column":27},"end":{"line":486,"column":35}},"164":{"start":{"line":487,"column":2},"end":{"line":489,"column":3}},"165":{"start":{"line":488,"column":4},"end":{"line":488,"column":87}},"166":{"start":{"line":491,"column":2},"end":{"line":528,"column":3}},"167":{"start":{"line":492,"column":19},"end":{"line":492,"column":49}},"168":{"start":{"line":493,"column":4},"end":{"line":495,"column":5}},"169":{"start":{"line":494,"column":6},"end":{"line":494,"column":59}},"170":{"start":{"line":496,"column":20},"end":{"line":496,"column":52}},"171":{"start":{"line":497,"column":29},"end":{"line":497,"column":91}},"172":{"start":{"line":499,"column":20},"end":{"line":503,"column":6}},"173":{"start":{"line":505,"column":4},"end":{"line":507,"column":5}},"174":{"start":{"line":506,"column":6},"end":{"line":506,"column":93}},"175":{"start":{"line":510,"column":4},"end":{"line":510,"column":29}},"176":{"start":{"line":511,"column":4},"end":{"line":511,"column":25}},"177":{"start":{"line":513,"column":17},"end":{"line":513,"column":48}},"178":{"start":{"line":514,"column":4},"end":{"line":516,"column":5}},"179":{"start":{"line":515,"column":6},"end":{"line":515,"column":81}},"180":{"start":{"line":519,"column":19},"end":{"line":519,"column":58}},"181":{"start":{"line":521,"column":4},"end":{"line":525,"column":7}},"182":{"start":{"line":527,"column":4},"end":{"line":527,"column":97}},"183":{"start":{"line":535,"column":15},"end":{"line":545,"column":1}},"184":{"start":{"line":536,"column":27},"end":{"line":536,"column":35}},"185":{"start":{"line":537,"column":2},"end":{"line":543,"column":3}},"186":{"start":{"line":538,"column":29},"end":{"line":538,"column":91}},"187":{"start":{"line":539,"column":4},"end":{"line":542,"column":6}},"188":{"start":{"line":544,"column":2},"end":{"line":544,"column":85}},"189":{"start":{"line":551,"column":18},"end":{"line":554,"column":1}},"190":{"start":{"line":552,"column":2},"end":{"line":552,"column":74}},"191":{"start":{"line":553,"column":2},"end":{"line":553,"column":89}}},"fnMap":{"0":{"name":"(anonymous_0)","decl":{"start":{"line":10,"column":31},"end":{"line":10,"column":32}},"loc":{"start":{"line":10,"column":52},"end":{"line":29,"column":1}},"line":10},"1":{"name":"(anonymous_1)","decl":{"start":{"line":32,"column":20},"end":{"line":32,"column":21}},"loc":{"start":{"line":32,"column":31},"end":{"line":47,"column":1}},"line":32},"2":{"name":"(anonymous_2)","decl":{"start":{"line":53,"column":21},"end":{"line":53,"column":22}},"loc":{"start":{"line":53,"column":41},"end":{"line":90,"column":1}},"line":53},"3":{"name":"(anonymous_3)","decl":{"start":{"line":96,"column":18},"end":{"line":96,"column":19}},"loc":{"start":{"line":96,"column":38},"end":{"line":133,"column":1}},"line":96},"4":{"name":"(anonymous_4)","decl":{"start":{"line":139,"column":14},"end":{"line":139,"column":15}},"loc":{"start":{"line":139,"column":34},"end":{"line":163,"column":1}},"line":139},"5":{"name":"(anonymous_5)","decl":{"start":{"line":151,"column":45},"end":{"line":151,"column":46}},"loc":{"start":{"line":151,"column":50},"end":{"line":151,"column":60}},"line":151},"6":{"name":"(anonymous_6)","decl":{"start":{"line":169,"column":22},"end":{"line":169,"column":23}},"loc":{"start":{"line":169,"column":42},"end":{"line":219,"column":1}},"line":169},"7":{"name":"(anonymous_7)","decl":{"start":{"line":190,"column":17},"end":{"line":190,"column":18}},"loc":{"start":{"line":190,"column":24},"end":{"line":190,"column":32}},"line":190},"8":{"name":"(anonymous_8)","decl":{"start":{"line":225,"column":23},"end":{"line":225,"column":24}},"loc":{"start":{"line":225,"column":43},"end":{"line":261,"column":1}},"line":225},"9":{"name":"(anonymous_9)","decl":{"start":{"line":267,"column":22},"end":{"line":267,"column":23}},"loc":{"start":{"line":267,"column":42},"end":{"line":294,"column":1}},"line":267},"10":{"name":"(anonymous_10)","decl":{"start":{"line":300,"column":23},"end":{"line":300,"column":24}},"loc":{"start":{"line":300,"column":43},"end":{"line":320,"column":1}},"line":300},"11":{"name":"(anonymous_11)","decl":{"start":{"line":326,"column":22},"end":{"line":326,"column":23}},"loc":{"start":{"line":326,"column":42},"end":{"line":364,"column":1}},"line":326},"12":{"name":"(anonymous_12)","decl":{"start":{"line":371,"column":22},"end":{"line":371,"column":23}},"loc":{"start":{"line":371,"column":42},"end":{"line":425,"column":1}},"line":371},"13":{"name":"(anonymous_13)","decl":{"start":{"line":381,"column":86},"end":{"line":381,"column":87}},"loc":{"start":{"line":381,"column":92},"end":{"line":381,"column":94}},"line":381},"14":{"name":"(anonymous_14)","decl":{"start":{"line":382,"column":106},"end":{"line":382,"column":107}},"loc":{"start":{"line":382,"column":112},"end":{"line":382,"column":114}},"line":382},"15":{"name":"(anonymous_15)","decl":{"start":{"line":431,"column":23},"end":{"line":431,"column":24}},"loc":{"start":{"line":431,"column":43},"end":{"line":479,"column":1}},"line":431},"16":{"name":"(anonymous_16)","decl":{"start":{"line":485,"column":28},"end":{"line":485,"column":29}},"loc":{"start":{"line":485,"column":48},"end":{"line":529,"column":1}},"line":485},"17":{"name":"(anonymous_17)","decl":{"start":{"line":535,"column":15},"end":{"line":535,"column":16}},"loc":{"start":{"line":535,"column":35},"end":{"line":545,"column":1}},"line":535},"18":{"name":"(anonymous_18)","decl":{"start":{"line":551,"column":18},"end":{"line":551,"column":19}},"loc":{"start":{"line":551,"column":38},"end":{"line":554,"column":1}},"line":551}},"branchMap":{"0":{"loc":{"start":{"line":23,"column":16},"end":{"line":23,"column":61}},"type":"binary-expr","locations":[{"start":{"line":23,"column":16},"end":{"line":23,"column":41}},{"start":{"line":23,"column":45},"end":{"line":23,"column":61}}],"line":23},"1":{"loc":{"start":{"line":24,"column":15},"end":{"line":24,"column":69}},"type":"binary-expr","locations":[{"start":{"line":24,"column":15},"end":{"line":24,"column":21}},{"start":{"line":24,"column":25},"end":{"line":24,"column":53}},{"start":{"line":24,"column":57},"end":{"line":24,"column":69}}],"line":24},"2":{"loc":{"start":{"line":39,"column":12},"end":{"line":39,"column":31}},"type":"binary-expr","locations":[{"start":{"line":39,"column":12},"end":{"line":39,"column":25}},{"start":{"line":39,"column":29},"end":{"line":39,"column":31}}],"line":39},"3":{"loc":{"start":{"line":40,"column":12},"end":{"line":40,"column":31}},"type":"binary-expr","locations":[{"start":{"line":40,"column":12},"end":{"line":40,"column":25}},{"start":{"line":40,"column":29},"end":{"line":40,"column":31}}],"line":40},"4":{"loc":{"start":{"line":41,"column":11},"end":{"line":41,"column":29}},"type":"binary-expr","locations":[{"start":{"line":41,"column":11},"end":{"line":41,"column":23}},{"start":{"line":41,"column":27},"end":{"line":41,"column":29}}],"line":41},"5":{"loc":{"start":{"line":42,"column":15},"end":{"line":42,"column":37}},"type":"binary-expr","locations":[{"start":{"line":42,"column":15},"end":{"line":42,"column":31}},{"start":{"line":42,"column":35},"end":{"line":42,"column":37}}],"line":42},"6":{"loc":{"start":{"line":43,"column":13},"end":{"line":43,"column":33}},"type":"binary-expr","locations":[{"start":{"line":43,"column":13},"end":{"line":43,"column":27}},{"start":{"line":43,"column":31},"end":{"line":43,"column":33}}],"line":43},"7":{"loc":{"start":{"line":44,"column":13},"end":{"line":44,"column":33}},"type":"binary-expr","locations":[{"start":{"line":44,"column":13},"end":{"line":44,"column":27}},{"start":{"line":44,"column":31},"end":{"line":44,"column":33}}],"line":44},"8":{"loc":{"start":{"line":45,"column":13},"end":{"line":45,"column":33}},"type":"binary-expr","locations":[{"start":{"line":45,"column":13},"end":{"line":45,"column":27}},{"start":{"line":45,"column":31},"end":{"line":45,"column":33}}],"line":45},"9":{"loc":{"start":{"line":46,"column":13},"end":{"line":46,"column":33}},"type":"binary-expr","locations":[{"start":{"line":46,"column":13},"end":{"line":46,"column":27}},{"start":{"line":46,"column":31},"end":{"line":46,"column":33}}],"line":46},"10":{"loc":{"start":{"line":56,"column":2},"end":{"line":62,"column":3}},"type":"if","locations":[{"start":{"line":56,"column":2},"end":{"line":62,"column":3}},{"start":{},"end":{}}],"line":56},"11":{"loc":{"start":{"line":68,"column":2},"end":{"line":73,"column":3}},"type":"if","locations":[{"start":{"line":68,"column":2},"end":{"line":73,"column":3}},{"start":{},"end":{}}],"line":68},"12":{"loc":{"start":{"line":98,"column":2},"end":{"line":104,"column":3}},"type":"if","locations":[{"start":{"line":98,"column":2},"end":{"line":104,"column":3}},{"start":{},"end":{}}],"line":98},"13":{"loc":{"start":{"line":114,"column":2},"end":{"line":119,"column":3}},"type":"if","locations":[{"start":{"line":114,"column":2},"end":{"line":119,"column":3}},{"start":{},"end":{}}],"line":114},"14":{"loc":{"start":{"line":114,"column":6},"end":{"line":114,"column":54}},"type":"binary-expr","locations":[{"start":{"line":114,"column":6},"end":{"line":114,"column":11}},{"start":{"line":114,"column":15},"end":{"line":114,"column":54}}],"line":114},"15":{"loc":{"start":{"line":141,"column":19},"end":{"line":141,"column":46}},"type":"binary-expr","locations":[{"start":{"line":141,"column":19},"end":{"line":141,"column":31}},{"start":{"line":141,"column":35},"end":{"line":141,"column":46}}],"line":141},"16":{"loc":{"start":{"line":144,"column":4},"end":{"line":146,"column":5}},"type":"if","locations":[{"start":{"line":144,"column":4},"end":{"line":146,"column":5}},{"start":{},"end":{}}],"line":144},"17":{"loc":{"start":{"line":172,"column":4},"end":{"line":178,"column":5}},"type":"if","locations":[{"start":{"line":172,"column":4},"end":{"line":178,"column":5}},{"start":{},"end":{}}],"line":172},"18":{"loc":{"start":{"line":183,"column":4},"end":{"line":183,"column":68}},"type":"if","locations":[{"start":{"line":183,"column":4},"end":{"line":183,"column":68}},{"start":{},"end":{}}],"line":183},"19":{"loc":{"start":{"line":184,"column":4},"end":{"line":184,"column":65}},"type":"if","locations":[{"start":{"line":184,"column":4},"end":{"line":184,"column":65}},{"start":{},"end":{}}],"line":184},"20":{"loc":{"start":{"line":185,"column":4},"end":{"line":193,"column":5}},"type":"if","locations":[{"start":{"line":185,"column":4},"end":{"line":193,"column":5}},{"start":{},"end":{}}],"line":185},"21":{"loc":{"start":{"line":186,"column":18},"end":{"line":191,"column":28}},"type":"cond-expr","locations":[{"start":{"line":187,"column":10},"end":{"line":187,"column":26}},{"start":{"line":188,"column":10},"end":{"line":191,"column":28}}],"line":186},"22":{"loc":{"start":{"line":194,"column":4},"end":{"line":194,"column":98}},"type":"if","locations":[{"start":{"line":194,"column":4},"end":{"line":194,"column":98}},{"start":{},"end":{}}],"line":194},"23":{"loc":{"start":{"line":195,"column":4},"end":{"line":195,"column":80}},"type":"if","locations":[{"start":{"line":195,"column":4},"end":{"line":195,"column":80}},{"start":{},"end":{}}],"line":195},"24":{"loc":{"start":{"line":196,"column":4},"end":{"line":196,"column":80}},"type":"if","locations":[{"start":{"line":196,"column":4},"end":{"line":196,"column":80}},{"start":{},"end":{}}],"line":196},"25":{"loc":{"start":{"line":197,"column":4},"end":{"line":197,"column":77}},"type":"if","locations":[{"start":{"line":197,"column":4},"end":{"line":197,"column":77}},{"start":{},"end":{}}],"line":197},"26":{"loc":{"start":{"line":198,"column":4},"end":{"line":198,"column":89}},"type":"if","locations":[{"start":{"line":198,"column":4},"end":{"line":198,"column":89}},{"start":{},"end":{}}],"line":198},"27":{"loc":{"start":{"line":199,"column":4},"end":{"line":199,"column":83}},"type":"if","locations":[{"start":{"line":199,"column":4},"end":{"line":199,"column":83}},{"start":{},"end":{}}],"line":199},"28":{"loc":{"start":{"line":201,"column":4},"end":{"line":203,"column":5}},"type":"if","locations":[{"start":{"line":201,"column":4},"end":{"line":203,"column":5}},{"start":{},"end":{}}],"line":201},"29":{"loc":{"start":{"line":227,"column":2},"end":{"line":232,"column":3}},"type":"if","locations":[{"start":{"line":227,"column":2},"end":{"line":232,"column":3}},{"start":{},"end":{}}],"line":227},"30":{"loc":{"start":{"line":239,"column":4},"end":{"line":251,"column":5}},"type":"if","locations":[{"start":{"line":239,"column":4},"end":{"line":251,"column":5}},{"start":{},"end":{}}],"line":239},"31":{"loc":{"start":{"line":275,"column":2},"end":{"line":277,"column":3}},"type":"if","locations":[{"start":{"line":275,"column":2},"end":{"line":277,"column":3}},{"start":{},"end":{}}],"line":275},"32":{"loc":{"start":{"line":281,"column":2},"end":{"line":283,"column":3}},"type":"if","locations":[{"start":{"line":281,"column":2},"end":{"line":283,"column":3}},{"start":{},"end":{}}],"line":281},"33":{"loc":{"start":{"line":301,"column":2},"end":{"line":303,"column":3}},"type":"if","locations":[{"start":{"line":301,"column":2},"end":{"line":303,"column":3}},{"start":{},"end":{}}],"line":301},"34":{"loc":{"start":{"line":309,"column":2},"end":{"line":314,"column":3}},"type":"if","locations":[{"start":{"line":309,"column":2},"end":{"line":314,"column":3}},{"start":{},"end":{}}],"line":309},"35":{"loc":{"start":{"line":329,"column":4},"end":{"line":334,"column":5}},"type":"if","locations":[{"start":{"line":329,"column":4},"end":{"line":334,"column":5}},{"start":{},"end":{}}],"line":329},"36":{"loc":{"start":{"line":346,"column":4},"end":{"line":351,"column":5}},"type":"if","locations":[{"start":{"line":346,"column":4},"end":{"line":351,"column":5}},{"start":{},"end":{}}],"line":346},"37":{"loc":{"start":{"line":381,"column":6},"end":{"line":381,"column":96}},"type":"if","locations":[{"start":{"line":381,"column":6},"end":{"line":381,"column":96}},{"start":{},"end":{}}],"line":381},"38":{"loc":{"start":{"line":382,"column":6},"end":{"line":382,"column":116}},"type":"if","locations":[{"start":{"line":382,"column":6},"end":{"line":382,"column":116}},{"start":{},"end":{}}],"line":382},"39":{"loc":{"start":{"line":385,"column":4},"end":{"line":387,"column":5}},"type":"if","locations":[{"start":{"line":385,"column":4},"end":{"line":387,"column":5}},{"start":{},"end":{}}],"line":385},"40":{"loc":{"start":{"line":434,"column":2},"end":{"line":439,"column":3}},"type":"if","locations":[{"start":{"line":434,"column":2},"end":{"line":439,"column":3}},{"start":{},"end":{}}],"line":434},"41":{"loc":{"start":{"line":434,"column":6},"end":{"line":434,"column":38}},"type":"binary-expr","locations":[{"start":{"line":434,"column":6},"end":{"line":434,"column":22}},{"start":{"line":434,"column":26},"end":{"line":434,"column":38}}],"line":434},"42":{"loc":{"start":{"line":443,"column":2},"end":{"line":449,"column":3}},"type":"if","locations":[{"start":{"line":443,"column":2},"end":{"line":449,"column":3}},{"start":{},"end":{}}],"line":443},"43":{"loc":{"start":{"line":453,"column":4},"end":{"line":455,"column":5}},"type":"if","locations":[{"start":{"line":453,"column":4},"end":{"line":455,"column":5}},{"start":{},"end":{}}],"line":453},"44":{"loc":{"start":{"line":458,"column":4},"end":{"line":463,"column":5}},"type":"if","locations":[{"start":{"line":458,"column":4},"end":{"line":463,"column":5}},{"start":{},"end":{}}],"line":458},"45":{"loc":{"start":{"line":487,"column":2},"end":{"line":489,"column":3}},"type":"if","locations":[{"start":{"line":487,"column":2},"end":{"line":489,"column":3}},{"start":{},"end":{}}],"line":487},"46":{"loc":{"start":{"line":493,"column":4},"end":{"line":495,"column":5}},"type":"if","locations":[{"start":{"line":493,"column":4},"end":{"line":495,"column":5}},{"start":{},"end":{}}],"line":493},"47":{"loc":{"start":{"line":505,"column":4},"end":{"line":507,"column":5}},"type":"if","locations":[{"start":{"line":505,"column":4},"end":{"line":507,"column":5}},{"start":{},"end":{}}],"line":505},"48":{"loc":{"start":{"line":514,"column":4},"end":{"line":516,"column":5}},"type":"if","locations":[{"start":{"line":514,"column":4},"end":{"line":516,"column":5}},{"start":{},"end":{}}],"line":514},"49":{"loc":{"start":{"line":537,"column":2},"end":{"line":543,"column":3}},"type":"if","locations":[{"start":{"line":537,"column":2},"end":{"line":543,"column":3}},{"start":{},"end":{}}],"line":537}},"s":{"0":0,"1":0,"2":0,"3":0,"4":0,"5":0,"6":0,"7":0,"8":0,"9":0,"10":0,"11":0,"12":0,"13":0,"14":0,"15":0,"16":0,"17":0,"18":0,"19":0,"20":0,"21":0,"22":0,"23":0,"24":0,"25":0,"26":0,"27":0,"28":0,"29":0,"30":0,"31":0,"32":0,"33":0,"34":0,"35":0,"36":0,"37":0,"38":0,"39":0,"40":0,"41":0,"42":0,"43":0,"44":0,"45":0,"46":0,"47":0,"48":0,"49":0,"50":0,"51":0,"52":0,"53":0,"54":0,"55":0,"56":0,"57":0,"58":0,"59":0,"60":0,"61":0,"62":0,"63":0,"64":0,"65":0,"66":0,"67":0,"68":0,"69":0,"70":0,"71":0,"72":0,"73":0,"74":0,"75":0,"76":0,"77":0,"78":0,"79":0,"80":0,"81":0,"82":0,"83":0,"84":0,"85":0,"86":0,"87":0,"88":0,"89":0,"90":0,"91":0,"92":0,"93":0,"94":0,"95":0,"96":0,"97":0,"98":0,"99":0,"100":0,"101":0,"102":0,"103":0,"104":0,"105":0,"106":0,"107":0,"108":0,"109":0,"110":0,"111":0,"112":0,"113":0,"114":0,"115":0,"116":0,"117":0,"118":0,"119":0,"120":0,"121":0,"122":0,"123":0,"124":0,"125":0,"126":0,"127":0,"128":0,"129":0,"130":0,"131":0,"132":0,"133":0,"134":0,"135":0,"136":0,"137":0,"138":0,"139":0,"140":0,"141":0,"142":0,"143":0,"144":0,"145":0,"146":0,"147":0,"148":0,"149":0,"150":0,"151":0,"152":0,"153":0,"154":0,"155":0,"156":0,"157":0,"158":0,"159":0,"160":0,"161":0,"162":0,"163":0,"164":0,"165":0,"166":0,"167":0,"168":0,"169":0,"170":0,"171":0,"172":0,"173":0,"174":0,"175":0,"176":0,"177":0,"178":0,"179":0,"180":0,"181":0,"182":0,"183":0,"184":0,"185":0,"186":0,"187":0,"188":0,"189":0,"190":0,"191":0},"f":{"0":0,"1":0,"2":0,"3":0,"4":0,"5":0,"6":0,"7":0,"8":0,"9":0,"10":0,"11":0,"12":0,"13":0,"14":0,"15":0,"16":0,"17":0,"18":0},"b":{"0":[0,0],"1":[0,0,0],"2":[0,0],"3":[0,0],"4":[0,0],"5":[0,0],"6":[0,0],"7":[0,0],"8":[0,0],"9":[0,0],"10":[0,0],"11":[0,0],"12":[0,0],"13":[0,0],"14":[0,0],"15":[0,0],"16":[0,0],"17":[0,0],"18":[0,0],"19":[0,0],"20":[0,0],"21":[0,0],"22":[0,0],"23":[0,0],"24":[0,0],"25":[0,0],"26":[0,0],"27":[0,0],"28":[0,0],"29":[0,0],"30":[0,0],"31":[0,0],"32":[0,0],"33":[0,0],"34":[0,0],"35":[0,0],"36":[0,0],"37":[0,0],"38":[0,0],"39":[0,0],"40":[0,0],"41":[0,0],"42":[0,0],"43":[0,0],"44":[0,0],"45":[0,0],"46":[0,0],"47":[0,0],"48":[0,0],"49":[0,0]},"inputSourceMap":null}
,"C:\\Users\\HARIPRIYAN\\Desktop\\course_finder\\backend\\src\\controllers\\bookmarkController.js": {"path":"C:\\Users\\HARIPRIYAN\\Desktop\\course_finder\\backend\\src\\controllers\\bookmarkController.js","statementMap":{"0":{"start":{"line":10,"column":34},"end":{"line":46,"column":1}},"1":{"start":{"line":11,"column":2},"end":{"line":45,"column":3}},"2":{"start":{"line":12,"column":21},"end":{"line":12,"column":34}},"3":{"start":{"line":13,"column":19},"end":{"line":13,"column":46}},"4":{"start":{"line":16,"column":23},"end":{"line":16,"column":84}},"5":{"start":{"line":17,"column":4},"end":{"line":19,"column":5}},"6":{"start":{"line":18,"column":6},"end":{"line":18,"column":98}},"7":{"start":{"line":22,"column":4},"end":{"line":29,"column":5}},"8":{"start":{"line":23,"column":6},"end":{"line":23,"column":50}},"9":{"start":{"line":25,"column":6},"end":{"line":27,"column":7}},"10":{"start":{"line":26,"column":8},"end":{"line":26,"column":88}},"11":{"start":{"line":28,"column":6},"end":{"line":28,"column":16}},"12":{"start":{"line":32,"column":4},"end":{"line":32,"column":86}},"13":{"start":{"line":34,"column":4},"end":{"line":39,"column":7}},"14":{"start":{"line":41,"column":4},"end":{"line":41,"column":91}},"15":{"start":{"line":43,"column":4},"end":{"line":43,"column":44}},"16":{"start":{"line":44,"column":4},"end":{"line":44,"column":80}},"17":{"start":{"line":52,"column":30},"end":{"line":71,"column":1}},"18":{"start":{"line":53,"column":2},"end":{"line":70,"column":3}},"19":{"start":{"line":54,"column":21},"end":{"line":54,"column":34}},"20":{"start":{"line":55,"column":19},"end":{"line":55,"column":46}},"21":{"start":{"line":57,"column":21},"end":{"line":57,"column":74}},"22":{"start":{"line":59,"column":4},"end":{"line":64,"column":5}},"23":{"start":{"line":60,"column":6},"end":{"line":63,"column":9}},"24":{"start":{"line":66,"column":4},"end":{"line":66,"column":93}},"25":{"start":{"line":68,"column":4},"end":{"line":68,"column":51}},"26":{"start":{"line":69,"column":4},"end":{"line":69,"column":83}},"27":{"start":{"line":77,"column":28},"end":{"line":117,"column":1}},"28":{"start":{"line":78,"column":2},"end":{"line":116,"column":3}},"29":{"start":{"line":79,"column":18},"end":{"line":79,"column":63}},"30":{"start":{"line":80,"column":19},"end":{"line":80,"column":35}},"31":{"start":{"line":81,"column":19},"end":{"line":81,"column":46}},"32":{"start":{"line":83,"column":18},"end":{"line":83,"column":28}},"33":{"start":{"line":84,"column":4},"end":{"line":86,"column":5}},"34":{"start":{"line":85,"column":6},"end":{"line":85,"column":34}},"35":{"start":{"line":88,"column":26},"end":{"line":98,"column":13}},"36":{"start":{"line":100,"column":17},"end":{"line":102,"column":55}},"37":{"start":{"line":101,"column":22},"end":{"line":101,"column":35}},"38":{"start":{"line":102,"column":19},"end":{"line":102,"column":54}},"39":{"start":{"line":104,"column":23},"end":{"line":104,"column":106}},"40":{"start":{"line":106,"column":4},"end":{"line":112,"column":7}},"41":{"start":{"line":114,"column":4},"end":{"line":114,"column":49}},"42":{"start":{"line":115,"column":4},"end":{"line":115,"column":81}}},"fnMap":{"0":{"name":"(anonymous_0)","decl":{"start":{"line":10,"column":34},"end":{"line":10,"column":35}},"loc":{"start":{"line":10,"column":54},"end":{"line":46,"column":1}},"line":10},"1":{"name":"(anonymous_1)","decl":{"start":{"line":52,"column":30},"end":{"line":52,"column":31}},"loc":{"start":{"line":52,"column":50},"end":{"line":71,"column":1}},"line":52},"2":{"name":"(anonymous_2)","decl":{"start":{"line":77,"column":28},"end":{"line":77,"column":29}},"loc":{"start":{"line":77,"column":48},"end":{"line":117,"column":1}},"line":77},"3":{"name":"(anonymous_3)","decl":{"start":{"line":101,"column":14},"end":{"line":101,"column":15}},"loc":{"start":{"line":101,"column":22},"end":{"line":101,"column":35}},"line":101},"4":{"name":"(anonymous_4)","decl":{"start":{"line":102,"column":11},"end":{"line":102,"column":12}},"loc":{"start":{"line":102,"column":19},"end":{"line":102,"column":54}},"line":102}},"branchMap":{"0":{"loc":{"start":{"line":13,"column":19},"end":{"line":13,"column":46}},"type":"binary-expr","locations":[{"start":{"line":13,"column":19},"end":{"line":13,"column":31}},{"start":{"line":13,"column":35},"end":{"line":13,"column":46}}],"line":13},"1":{"loc":{"start":{"line":17,"column":4},"end":{"line":19,"column":5}},"type":"if","locations":[{"start":{"line":17,"column":4},"end":{"line":19,"column":5}},{"start":{},"end":{}}],"line":17},"2":{"loc":{"start":{"line":25,"column":6},"end":{"line":27,"column":7}},"type":"if","locations":[{"start":{"line":25,"column":6},"end":{"line":27,"column":7}},{"start":{},"end":{}}],"line":25},"3":{"loc":{"start":{"line":55,"column":19},"end":{"line":55,"column":46}},"type":"binary-expr","locations":[{"start":{"line":55,"column":19},"end":{"line":55,"column":31}},{"start":{"line":55,"column":35},"end":{"line":55,"column":46}}],"line":55},"4":{"loc":{"start":{"line":59,"column":4},"end":{"line":64,"column":5}},"type":"if","locations":[{"start":{"line":59,"column":4},"end":{"line":64,"column":5}},{"start":{},"end":{}}],"line":59},"5":{"loc":{"start":{"line":79,"column":27},"end":{"line":79,"column":58}},"type":"binary-expr","locations":[{"start":{"line":79,"column":27},"end":{"line":79,"column":52}},{"start":{"line":79,"column":56},"end":{"line":79,"column":58}}],"line":79},"6":{"loc":{"start":{"line":81,"column":19},"end":{"line":81,"column":46}},"type":"binary-expr","locations":[{"start":{"line":81,"column":19},"end":{"line":81,"column":31}},{"start":{"line":81,"column":35},"end":{"line":81,"column":46}}],"line":81},"7":{"loc":{"start":{"line":84,"column":4},"end":{"line":86,"column":5}},"type":"if","locations":[{"start":{"line":84,"column":4},"end":{"line":86,"column":5}},{"start":{},"end":{}}],"line":84},"8":{"loc":{"start":{"line":104,"column":23},"end":{"line":104,"column":106}},"type":"cond-expr","locations":[{"start":{"line":104,"column":56},"end":{"line":104,"column":99}},{"start":{"line":104,"column":102},"end":{"line":104,"column":106}}],"line":104}},"s":{"0":0,"1":0,"2":0,"3":0,"4":0,"5":0,"6":0,"7":0,"8":0,"9":0,"10":0,"11":0,"12":0,"13":0,"14":0,"15":0,"16":0,"17":0,"18":0,"19":0,"20":0,"21":0,"22":0,"23":0,"24":0,"25":0,"26":0,"27":0,"28":0,"29":0,"30":0,"31":0,"32":0,"33":0,"34":0,"35":0,"36":0,"37":0,"38":0,"39":0,"40":0,"41":0,"42":0},"f":{"0":0,"1":0,"2":0,"3":0,"4":0},"b":{"0":[0,0],"1":[0,0],"2":[0,0],"3":[0,0],"4":[0,0],"5":[0,0],"6":[0,0],"7":[0,0],"8":[0,0]},"inputSourceMap":null}
,"C:\\Users\\HARIPRIYAN\\Desktop\\course_finder\\backend\\src\\controllers\\commentController.js": {"path":"C:\\Users\\HARIPRIYAN\\Desktop\\course_finder\\backend\\src\\controllers\\commentController.js","statementMap":{"0":{"start":{"line":8,"column":26},"end":{"line":81,"column":1}},"1":{"start":{"line":9,"column":21},"end":{"line":9,"column":61}},"2":{"start":{"line":10,"column":2},"end":{"line":12,"column":3}},"3":{"start":{"line":11,"column":4},"end":{"line":11,"column":93}},"4":{"start":{"line":14,"column":37},"end":{"line":14,"column":52}},"5":{"start":{"line":18,"column":22},"end":{"line":18,"column":26}},"6":{"start":{"line":20,"column":2},"end":{"line":26,"column":3}},"7":{"start":{"line":21,"column":4},"end":{"line":21,"column":60}},"8":{"start":{"line":22,"column":4},"end":{"line":22,"column":93}},"9":{"start":{"line":22,"column":24},"end":{"line":22,"column":93}},"10":{"start":{"line":23,"column":4},"end":{"line":25,"column":5}},"11":{"start":{"line":24,"column":6},"end":{"line":24,"column":99}},"12":{"start":{"line":28,"column":21},"end":{"line":28,"column":94}},"13":{"start":{"line":29,"column":2},"end":{"line":31,"column":3}},"14":{"start":{"line":30,"column":4},"end":{"line":30,"column":83}},"15":{"start":{"line":33,"column":18},"end":{"line":38,"column":4}},"16":{"start":{"line":41,"column":2},"end":{"line":41,"column":81}},"17":{"start":{"line":44,"column":2},"end":{"line":49,"column":5}},"18":{"start":{"line":51,"column":20},"end":{"line":51,"column":75}},"19":{"start":{"line":54,"column":2},"end":{"line":78,"column":3}},"20":{"start":{"line":55,"column":20},"end":{"line":55,"column":30}},"21":{"start":{"line":56,"column":20},"end":{"line":56,"column":43}},"22":{"start":{"line":59,"column":4},"end":{"line":64,"column":5}},"23":{"start":{"line":61,"column":6},"end":{"line":61,"column":53}},"24":{"start":{"line":63,"column":6},"end":{"line":63,"column":48}},"25":{"start":{"line":67,"column":4},"end":{"line":75,"column":5}},"26":{"start":{"line":68,"column":6},"end":{"line":74,"column":9}},"27":{"start":{"line":77,"column":4},"end":{"line":77,"column":55}},"28":{"start":{"line":80,"column":2},"end":{"line":80,"column":41}},"29":{"start":{"line":84,"column":27},"end":{"line":215,"column":1}},"30":{"start":{"line":85,"column":2},"end":{"line":214,"column":3}},"31":{"start":{"line":86,"column":23},"end":{"line":86,"column":33}},"32":{"start":{"line":87,"column":18},"end":{"line":87,"column":63}},"33":{"start":{"line":88,"column":19},"end":{"line":88,"column":35}},"34":{"start":{"line":90,"column":18},"end":{"line":90,"column":62}},"35":{"start":{"line":91,"column":4},"end":{"line":93,"column":5}},"36":{"start":{"line":92,"column":6},"end":{"line":92,"column":34}},"37":{"start":{"line":96,"column":25},"end":{"line":100,"column":13}},"38":{"start":{"line":102,"column":23},"end":{"line":102,"column":103}},"39":{"start":{"line":105,"column":20},"end":{"line":105,"column":48}},"40":{"start":{"line":105,"column":42},"end":{"line":105,"column":47}},"41":{"start":{"line":108,"column":31},"end":{"line":180,"column":6}},"42":{"start":{"line":183,"column":21},"end":{"line":183,"column":23}},"43":{"start":{"line":184,"column":23},"end":{"line":184,"column":25}},"44":{"start":{"line":186,"column":4},"end":{"line":189,"column":5}},"45":{"start":{"line":187,"column":6},"end":{"line":187,"column":56}},"46":{"start":{"line":188,"column":6},"end":{"line":188,"column":55}},"47":{"start":{"line":192,"column":30},"end":{"line":204,"column":6}},"48":{"start":{"line":193,"column":24},"end":{"line":193,"column":43}},"49":{"start":{"line":194,"column":28},"end":{"line":194,"column":55}},"50":{"start":{"line":195,"column":25},"end":{"line":195,"column":49}},"51":{"start":{"line":197,"column":6},"end":{"line":203,"column":8}},"52":{"start":{"line":206,"column":4},"end":{"line":210,"column":7}},"53":{"start":{"line":212,"column":4},"end":{"line":212,"column":48}},"54":{"start":{"line":213,"column":4},"end":{"line":213,"column":89}},"55":{"start":{"line":218,"column":26},"end":{"line":246,"column":1}},"56":{"start":{"line":219,"column":2},"end":{"line":245,"column":3}},"57":{"start":{"line":220,"column":26},"end":{"line":220,"column":36}},"58":{"start":{"line":221,"column":18},"end":{"line":221,"column":63}},"59":{"start":{"line":222,"column":19},"end":{"line":222,"column":35}},"60":{"start":{"line":224,"column":18},"end":{"line":224,"column":59}},"61":{"start":{"line":225,"column":4},"end":{"line":227,"column":5}},"62":{"start":{"line":226,"column":6},"end":{"line":226,"column":34}},"63":{"start":{"line":229,"column":20},"end":{"line":233,"column":13}},"64":{"start":{"line":235,"column":23},"end":{"line":235,"column":88}},"65":{"start":{"line":237,"column":4},"end":{"line":241,"column":7}},"66":{"start":{"line":243,"column":4},"end":{"line":243,"column":47}},"67":{"start":{"line":244,"column":4},"end":{"line":244,"column":88}},"68":{"start":{"line":249,"column":33},"end":{"line":322,"column":1}},"69":{"start":{"line":250,"column":17},"end":{"line":250,"column":27}},"70":{"start":{"line":251,"column":17},"end":{"line":251,"column":29}},"71":{"start":{"line":253,"column":2},"end":{"line":321,"column":3}},"72":{"start":{"line":254,"column":20},"end":{"line":275,"column":47}},"73":{"start":{"line":277,"column":4},"end":{"line":277,"column":80}},"74":{"start":{"line":277,"column":18},"end":{"line":277,"column":80}},"75":{"start":{"line":279,"column":18},"end":{"line":279,"column":84}},"76":{"start":{"line":279,"column":42},"end":{"line":279,"column":55}},"77":{"start":{"line":280,"column":4},"end":{"line":315,"column":5}},"78":{"start":{"line":281,"column":35},"end":{"line":281,"column":84}},"79":{"start":{"line":282,"column":31},"end":{"line":282,"column":54}},"80":{"start":{"line":284,"column":6},"end":{"line":292,"column":7}},"81":{"start":{"line":285,"column":8},"end":{"line":291,"column":11}},"82":{"start":{"line":294,"column":21},"end":{"line":299,"column":7}},"83":{"start":{"line":301,"column":27},"end":{"line":304,"column":7}},"84":{"start":{"line":306,"column":6},"end":{"line":314,"column":7}},"85":{"start":{"line":307,"column":8},"end":{"line":307,"column":94}},"86":{"start":{"line":309,"column":22},"end":{"line":312,"column":10}},"87":{"start":{"line":313,"column":8},"end":{"line":313,"column":75}},"88":{"start":{"line":317,"column":4},"end":{"line":317,"column":41}},"89":{"start":{"line":319,"column":4},"end":{"line":319,"column":45}},"90":{"start":{"line":320,"column":4},"end":{"line":320,"column":67}}},"fnMap":{"0":{"name":"(anonymous_0)","decl":{"start":{"line":8,"column":26},"end":{"line":8,"column":27}},"loc":{"start":{"line":8,"column":46},"end":{"line":81,"column":1}},"line":8},"1":{"name":"(anonymous_1)","decl":{"start":{"line":84,"column":27},"end":{"line":84,"column":28}},"loc":{"start":{"line":84,"column":47},"end":{"line":215,"column":1}},"line":84},"2":{"name":"(anonymous_2)","decl":{"start":{"line":105,"column":37},"end":{"line":105,"column":38}},"loc":{"start":{"line":105,"column":42},"end":{"line":105,"column":47}},"line":105},"3":{"name":"(anonymous_3)","decl":{"start":{"line":192,"column":47},"end":{"line":192,"column":48}},"loc":{"start":{"line":192,"column":55},"end":{"line":204,"column":5}},"line":192},"4":{"name":"(anonymous_4)","decl":{"start":{"line":218,"column":26},"end":{"line":218,"column":27}},"loc":{"start":{"line":218,"column":46},"end":{"line":246,"column":1}},"line":218},"5":{"name":"(anonymous_5)","decl":{"start":{"line":249,"column":33},"end":{"line":249,"column":34}},"loc":{"start":{"line":249,"column":53},"end":{"line":322,"column":1}},"line":249},"6":{"name":"(anonymous_6)","decl":{"start":{"line":279,"column":36},"end":{"line":279,"column":37}},"loc":{"start":{"line":279,"column":42},"end":{"line":279,"column":55}},"line":279}},"branchMap":{"0":{"loc":{"start":{"line":10,"column":2},"end":{"line":12,"column":3}},"type":"if","locations":[{"start":{"line":10,"column":2},"end":{"line":12,"column":3}},{"start":{},"end":{}}],"line":10},"1":{"loc":{"start":{"line":20,"column":2},"end":{"line":26,"column":3}},"type":"if","locations":[{"start":{"line":20,"column":2},"end":{"line":26,"column":3}},{"start":{},"end":{}}],"line":20},"2":{"loc":{"start":{"line":22,"column":4},"end":{"line":22,"column":93}},"type":"if","locations":[{"start":{"line":22,"column":4},"end":{"line":22,"column":93}},{"start":{},"end":{}}],"line":22},"3":{"loc":{"start":{"line":23,"column":4},"end":{"line":25,"column":5}},"type":"if","locations":[{"start":{"line":23,"column":4},"end":{"line":25,"column":5}},{"start":{},"end":{}}],"line":23},"4":{"loc":{"start":{"line":29,"column":2},"end":{"line":31,"column":3}},"type":"if","locations":[{"start":{"line":29,"column":2},"end":{"line":31,"column":3}},{"start":{},"end":{}}],"line":29},"5":{"loc":{"start":{"line":29,"column":6},"end":{"line":29,"column":41}},"type":"binary-expr","locations":[{"start":{"line":29,"column":6},"end":{"line":29,"column":17}},{"start":{"line":29,"column":21},"end":{"line":29,"column":41}}],"line":29},"6":{"loc":{"start":{"line":37,"column":14},"end":{"line":37,"column":30}},"type":"binary-expr","locations":[{"start":{"line":37,"column":14},"end":{"line":37,"column":22}},{"start":{"line":37,"column":26},"end":{"line":37,"column":30}}],"line":37},"7":{"loc":{"start":{"line":59,"column":4},"end":{"line":64,"column":5}},"type":"if","locations":[{"start":{"line":59,"column":4},"end":{"line":64,"column":5}},{"start":{"line":62,"column":11},"end":{"line":64,"column":5}}],"line":59},"8":{"loc":{"start":{"line":59,"column":8},"end":{"line":59,"column":32}},"type":"binary-expr","locations":[{"start":{"line":59,"column":8},"end":{"line":59,"column":15}},{"start":{"line":59,"column":19},"end":{"line":59,"column":32}}],"line":59},"9":{"loc":{"start":{"line":67,"column":4},"end":{"line":75,"column":5}},"type":"if","locations":[{"start":{"line":67,"column":4},"end":{"line":75,"column":5}},{"start":{},"end":{}}],"line":67},"10":{"loc":{"start":{"line":67,"column":8},"end":{"line":67,"column":46}},"type":"binary-expr","locations":[{"start":{"line":67,"column":8},"end":{"line":67,"column":19}},{"start":{"line":67,"column":23},"end":{"line":67,"column":46}}],"line":67},"11":{"loc":{"start":{"line":71,"column":14},"end":{"line":71,"column":43}},"type":"cond-expr","locations":[{"start":{"line":71,"column":24},"end":{"line":71,"column":31}},{"start":{"line":71,"column":34},"end":{"line":71,"column":43}}],"line":71},"12":{"loc":{"start":{"line":73,"column":19},"end":{"line":73,"column":49}},"type":"cond-expr","locations":[{"start":{"line":73,"column":29},"end":{"line":73,"column":37}},{"start":{"line":73,"column":40},"end":{"line":73,"column":49}}],"line":73},"13":{"loc":{"start":{"line":87,"column":27},"end":{"line":87,"column":58}},"type":"binary-expr","locations":[{"start":{"line":87,"column":27},"end":{"line":87,"column":52}},{"start":{"line":87,"column":56},"end":{"line":87,"column":58}}],"line":87},"14":{"loc":{"start":{"line":91,"column":4},"end":{"line":93,"column":5}},"type":"if","locations":[{"start":{"line":91,"column":4},"end":{"line":93,"column":5}},{"start":{},"end":{}}],"line":91},"15":{"loc":{"start":{"line":102,"column":23},"end":{"line":102,"column":103}},"type":"cond-expr","locations":[{"start":{"line":102,"column":55},"end":{"line":102,"column":96}},{"start":{"line":102,"column":99},"end":{"line":102,"column":103}}],"line":102},"16":{"loc":{"start":{"line":194,"column":28},"end":{"line":194,"column":55}},"type":"binary-expr","locations":[{"start":{"line":194,"column":28},"end":{"line":194,"column":49}},{"start":{"line":194,"column":53},"end":{"line":194,"column":55}}],"line":194},"17":{"loc":{"start":{"line":195,"column":25},"end":{"line":195,"column":49}},"type":"binary-expr","locations":[{"start":{"line":195,"column":25},"end":{"line":195,"column":44}},{"start":{"line":195,"column":48},"end":{"line":195,"column":49}}],"line":195},"18":{"loc":{"start":{"line":221,"column":27},"end":{"line":221,"column":58}},"type":"binary-expr","locations":[{"start":{"line":221,"column":27},"end":{"line":221,"column":52}},{"start":{"line":221,"column":56},"end":{"line":221,"column":58}}],"line":221},"19":{"loc":{"start":{"line":225,"column":4},"end":{"line":227,"column":5}},"type":"if","locations":[{"start":{"line":225,"column":4},"end":{"line":227,"column":5}},{"start":{},"end":{}}],"line":225},"20":{"loc":{"start":{"line":235,"column":23},"end":{"line":235,"column":88}},"type":"cond-expr","locations":[{"start":{"line":235,"column":50},"end":{"line":235,"column":81}},{"start":{"line":235,"column":84},"end":{"line":235,"column":88}}],"line":235},"21":{"loc":{"start":{"line":277,"column":4},"end":{"line":277,"column":80}},"type":"if","locations":[{"start":{"line":277,"column":4},"end":{"line":277,"column":80}},{"start":{},"end":{}}],"line":277},"22":{"loc":{"start":{"line":280,"column":4},"end":{"line":315,"column":5}},"type":"if","locations":[{"start":{"line":280,"column":4},"end":{"line":315,"column":5}},{"start":{"line":293,"column":11},"end":{"line":315,"column":5}}],"line":280},"23":{"loc":{"start":{"line":281,"column":36},"end":{"line":281,"column":72}},"type":"binary-expr","locations":[{"start":{"line":281,"column":36},"end":{"line":281,"column":54}},{"start":{"line":281,"column":58},"end":{"line":281,"column":72}}],"line":281},"24":{"loc":{"start":{"line":284,"column":6},"end":{"line":292,"column":7}},"type":"if","locations":[{"start":{"line":284,"column":6},"end":{"line":292,"column":7}},{"start":{},"end":{}}],"line":284},"25":{"loc":{"start":{"line":295,"column":16},"end":{"line":295,"column":52}},"type":"binary-expr","locations":[{"start":{"line":295,"column":16},"end":{"line":295,"column":34}},{"start":{"line":295,"column":38},"end":{"line":295,"column":52}}],"line":295},"26":{"loc":{"start":{"line":306,"column":6},"end":{"line":314,"column":7}},"type":"if","locations":[{"start":{"line":306,"column":6},"end":{"line":314,"column":7}},{"start":{},"end":{}}],"line":306},"27":{"loc":{"start":{"line":306,"column":10},"end":{"line":306,"column":35}},"type":"binary-expr","locations":[{"start":{"line":306,"column":10},"end":{"line":306,"column":22}},{"start":{"line":306,"column":26},"end":{"line":306,"column":35}}],"line":306}},"s":{"0":0,"1":0,"2":0,"3":0,"4":0,"5":0,"6":0,"7":0,"8":0,"9":0,"10":0,"11":0,"12":0,"13":0,"14":0,"15":0,"16":0,"17":0,"18":0,"19":0,"20":0,"21":0,"22":0,"23":0,"24":0,"25":0,"26":0,"27":0,"28":0,"29":0,"30":0,"31":0,"32":0,"33":0,"34":0,"35":0,"36":0,"37":0,"38":0,"39":0,"40":0,"41":0,"42":0,"43":0,"44":0,"45":0,"46":0,"47":0,"48":0,"49":0,"50":0,"51":0,"52":0,"53":0,"54":0,"55":0,"56":0,"57":0,"58":0,"59":0,"60":0,"61":0,"62":0,"63":0,"64":0,"65":0,"66":0,"67":0,"68":0,"69":0,"70":0,"71":0,"72":0,"73":0,"74":0,"75":0,"76":0,"77":0,"78":0,"79":0,"80":0,"81":0,"82":0,"83":0,"84":0,"85":0,"86":0,"87":0,"88":0,"89":0,"90":0},"f":{"0":0,"1":0,"2":0,"3":0,"4":0,"5":0,"6":0},"b":{"0":[0,0],"1":[0,0],"2":[0,0],"3":[0,0],"4":[0,0],"5":[0,0],"6":[0,0],"7":[0,0],"8":[0,0],"9":[0,0],"10":[0,0],"11":[0,0],"12":[0,0],"13":[0,0],"14":[0,0],"15":[0,0],"16":[0,0],"17":[0,0],"18":[0,0],"19":[0,0],"20":[0,0],"21":[0,0],"22":[0,0],"23":[0,0],"24":[0,0],"25":[0,0],"26":[0,0],"27":[0,0]},"inputSourceMap":null}
,"C:\\Users\\HARIPRIYAN\\Desktop\\course_finder\\backend\\src\\controllers\\completedCourseController.js": {"path":"C:\\Users\\HARIPRIYAN\\Desktop\\course_finder\\backend\\src\\controllers\\completedCourseController.js","statementMap":{"0":{"start":{"line":14,"column":24},"end":{"line":46,"column":1}},"1":{"start":{"line":15,"column":16},"end":{"line":27,"column":4}},"2":{"start":{"line":29,"column":2},"end":{"line":45,"column":3}},"3":{"start":{"line":30,"column":62},"end":{"line":30,"column":70}},"4":{"start":{"line":31,"column":4},"end":{"line":37,"column":7}},"5":{"start":{"line":40,"column":4},"end":{"line":44,"column":7}},"6":{"start":{"line":52,"column":27},"end":{"line":271,"column":1}},"7":{"start":{"line":54,"column":21},"end":{"line":54,"column":69}},"8":{"start":{"line":55,"column":2},"end":{"line":61,"column":3}},"9":{"start":{"line":56,"column":4},"end":{"line":60,"column":7}},"10":{"start":{"line":68,"column":6},"end":{"line":68,"column":21}},"11":{"start":{"line":70,"column":19},"end":{"line":70,"column":24}},"12":{"start":{"line":71,"column":19},"end":{"line":71,"column":24}},"13":{"start":{"line":72,"column":22},"end":{"line":72,"column":30}},"14":{"start":{"line":73,"column":21},"end":{"line":73,"column":35}},"15":{"start":{"line":74,"column":26},"end":{"line":74,"column":45}},"16":{"start":{"line":77,"column":2},"end":{"line":106,"column":3}},"17":{"start":{"line":79,"column":4},"end":{"line":90,"column":5}},"18":{"start":{"line":80,"column":6},"end":{"line":89,"column":7}},"19":{"start":{"line":81,"column":28},"end":{"line":85,"column":9}},"20":{"start":{"line":86,"column":8},"end":{"line":86,"column":44}},"21":{"start":{"line":88,"column":8},"end":{"line":88,"column":63}},"22":{"start":{"line":93,"column":4},"end":{"line":105,"column":5}},"23":{"start":{"line":94,"column":6},"end":{"line":104,"column":7}},"24":{"start":{"line":95,"column":27},"end":{"line":99,"column":9}},"25":{"start":{"line":100,"column":8},"end":{"line":100,"column":45}},"26":{"start":{"line":101,"column":8},"end":{"line":101,"column":49}},"27":{"start":{"line":103,"column":8},"end":{"line":103,"column":65}},"28":{"start":{"line":109,"column":2},"end":{"line":122,"column":3}},"29":{"start":{"line":110,"column":4},"end":{"line":121,"column":5}},"30":{"start":{"line":111,"column":29},"end":{"line":111,"column":75}},"31":{"start":{"line":112,"column":22},"end":{"line":112,"column":59}},"32":{"start":{"line":113,"column":23},"end":{"line":113,"column":53}},"33":{"start":{"line":115,"column":6},"end":{"line":115,"column":48}},"34":{"start":{"line":117,"column":6},"end":{"line":117,"column":70}},"35":{"start":{"line":118,"column":6},"end":{"line":118,"column":78}},"36":{"start":{"line":120,"column":6},"end":{"line":120,"column":65}},"37":{"start":{"line":125,"column":2},"end":{"line":130,"column":3}},"38":{"start":{"line":126,"column":4},"end":{"line":129,"column":7}},"39":{"start":{"line":133,"column":15},"end":{"line":133,"column":56}},"40":{"start":{"line":135,"column":2},"end":{"line":151,"column":3}},"41":{"start":{"line":136,"column":4},"end":{"line":143,"column":7}},"42":{"start":{"line":144,"column":4},"end":{"line":144,"column":47}},"43":{"start":{"line":145,"column":9},"end":{"line":151,"column":3}},"44":{"start":{"line":146,"column":4},"end":{"line":146,"column":37}},"45":{"start":{"line":147,"column":4},"end":{"line":147,"column":24}},"46":{"start":{"line":148,"column":4},"end":{"line":148,"column":58}},"47":{"start":{"line":150,"column":4},"end":{"line":150,"column":50}},"48":{"start":{"line":154,"column":23},"end":{"line":157,"column":4}},"49":{"start":{"line":159,"column":2},"end":{"line":193,"column":3}},"50":{"start":{"line":160,"column":18},"end":{"line":160,"column":23}},"51":{"start":{"line":161,"column":4},"end":{"line":170,"column":5}},"52":{"start":{"line":163,"column":6},"end":{"line":166,"column":7}},"53":{"start":{"line":164,"column":25},"end":{"line":164,"column":118}},"54":{"start":{"line":165,"column":8},"end":{"line":165,"column":91}},"55":{"start":{"line":167,"column":6},"end":{"line":167,"column":56}},"56":{"start":{"line":168,"column":6},"end":{"line":168,"column":93}},"57":{"start":{"line":169,"column":6},"end":{"line":169,"column":21}},"58":{"start":{"line":171,"column":4},"end":{"line":174,"column":5}},"59":{"start":{"line":172,"column":6},"end":{"line":172,"column":35}},"60":{"start":{"line":173,"column":6},"end":{"line":173,"column":21}},"61":{"start":{"line":175,"column":4},"end":{"line":178,"column":5}},"62":{"start":{"line":176,"column":6},"end":{"line":176,"column":35}},"63":{"start":{"line":177,"column":6},"end":{"line":177,"column":21}},"64":{"start":{"line":180,"column":4},"end":{"line":187,"column":5}},"65":{"start":{"line":181,"column":6},"end":{"line":181,"column":32}},"66":{"start":{"line":182,"column":6},"end":{"line":186,"column":9}},"67":{"start":{"line":189,"column":4},"end":{"line":192,"column":7}},"68":{"start":{"line":196,"column":24},"end":{"line":196,"column":130}},"69":{"start":{"line":198,"column":18},"end":{"line":198,"column":49}},"70":{"start":{"line":199,"column":2},"end":{"line":203,"column":3}},"71":{"start":{"line":201,"column":19},"end":{"line":201,"column":73}},"72":{"start":{"line":202,"column":4},"end":{"line":202,"column":68}},"73":{"start":{"line":202,"column":45},"end":{"line":202,"column":66}},"74":{"start":{"line":205,"column":2},"end":{"line":205,"column":99}},"75":{"start":{"line":205,"column":33},"end":{"line":205,"column":81}},"76":{"start":{"line":207,"column":27},"end":{"line":207,"column":97}},"77":{"start":{"line":208,"column":25},"end":{"line":208,"column":78}},"78":{"start":{"line":211,"column":4},"end":{"line":213,"column":11}},"79":{"start":{"line":216,"column":20},"end":{"line":235,"column":4}},"80":{"start":{"line":238,"column":2},"end":{"line":238,"column":36}},"81":{"start":{"line":241,"column":2},"end":{"line":247,"column":5}},"82":{"start":{"line":249,"column":2},"end":{"line":254,"column":5}},"83":{"start":{"line":257,"column":20},"end":{"line":260,"column":4}},"84":{"start":{"line":262,"column":2},"end":{"line":264,"column":3}},"85":{"start":{"line":263,"column":4},"end":{"line":263,"column":63}},"86":{"start":{"line":266,"column":2},"end":{"line":270,"column":5}},"87":{"start":{"line":277,"column":26},"end":{"line":323,"column":1}},"88":{"start":{"line":278,"column":2},"end":{"line":283,"column":3}},"89":{"start":{"line":279,"column":4},"end":{"line":282,"column":7}},"90":{"start":{"line":285,"column":43},"end":{"line":285,"column":51}},"91":{"start":{"line":287,"column":2},"end":{"line":322,"column":3}},"92":{"start":{"line":289,"column":4},"end":{"line":291,"column":5}},"93":{"start":{"line":290,"column":6},"end":{"line":290,"column":68}},"94":{"start":{"line":294,"column":19},"end":{"line":294,"column":85}},"95":{"start":{"line":296,"column":4},"end":{"line":302,"column":8}},"96":{"start":{"line":304,"column":4},"end":{"line":310,"column":7}},"97":{"start":{"line":312,"column":4},"end":{"line":317,"column":8}},"98":{"start":{"line":318,"column":4},"end":{"line":321,"column":7}},"99":{"start":{"line":329,"column":30},"end":{"line":332,"column":1}},"100":{"start":{"line":331,"column":2},"end":{"line":331,"column":50}},"101":{"start":{"line":338,"column":30},"end":{"line":367,"column":1}},"102":{"start":{"line":339,"column":16},"end":{"line":339,"column":61}},"103":{"start":{"line":341,"column":2},"end":{"line":346,"column":3}},"104":{"start":{"line":342,"column":4},"end":{"line":345,"column":7}},"105":{"start":{"line":349,"column":2},"end":{"line":354,"column":3}},"106":{"start":{"line":350,"column":4},"end":{"line":353,"column":7}},"107":{"start":{"line":356,"column":19},"end":{"line":356,"column":31}},"108":{"start":{"line":358,"column":2},"end":{"line":358,"column":26}},"109":{"start":{"line":361,"column":2},"end":{"line":361,"column":34}},"110":{"start":{"line":363,"column":2},"end":{"line":366,"column":5}},"111":{"start":{"line":373,"column":23},"end":{"line":442,"column":1}},"112":{"start":{"line":374,"column":2},"end":{"line":376,"column":3}},"113":{"start":{"line":375,"column":4},"end":{"line":375,"column":82}},"114":{"start":{"line":378,"column":21},"end":{"line":378,"column":66}},"115":{"start":{"line":380,"column":2},"end":{"line":385,"column":3}},"116":{"start":{"line":381,"column":4},"end":{"line":384,"column":7}},"117":{"start":{"line":388,"column":2},"end":{"line":393,"column":3}},"118":{"start":{"line":389,"column":4},"end":{"line":392,"column":7}},"119":{"start":{"line":396,"column":18},"end":{"line":403,"column":49}},"120":{"start":{"line":406,"column":24},"end":{"line":406,"column":50}},"121":{"start":{"line":407,"column":20},"end":{"line":407,"column":43}},"122":{"start":{"line":408,"column":2},"end":{"line":408,"column":45}},"123":{"start":{"line":409,"column":2},"end":{"line":409,"column":37}},"124":{"start":{"line":410,"column":2},"end":{"line":410,"column":45}},"125":{"start":{"line":411,"column":2},"end":{"line":411,"column":35}},"126":{"start":{"line":413,"column":2},"end":{"line":423,"column":3}},"127":{"start":{"line":414,"column":4},"end":{"line":414,"column":56}},"128":{"start":{"line":415,"column":4},"end":{"line":420,"column":7}},"129":{"start":{"line":422,"column":4},"end":{"line":422,"column":54}},"130":{"start":{"line":426,"column":2},"end":{"line":428,"column":3}},"131":{"start":{"line":427,"column":4},"end":{"line":427,"column":78}},"132":{"start":{"line":431,"column":2},"end":{"line":436,"column":5}},"133":{"start":{"line":438,"column":2},"end":{"line":441,"column":5}},"134":{"start":{"line":448,"column":25},"end":{"line":492,"column":1}},"135":{"start":{"line":449,"column":21},"end":{"line":449,"column":66}},"136":{"start":{"line":450,"column":2},"end":{"line":450,"column":78}},"137":{"start":{"line":450,"column":19},"end":{"line":450,"column":78}},"138":{"start":{"line":452,"column":18},"end":{"line":459,"column":10}},"139":{"start":{"line":462,"column":2},"end":{"line":486,"column":3}},"140":{"start":{"line":463,"column":21},"end":{"line":468,"column":5}},"141":{"start":{"line":470,"column":25},"end":{"line":473,"column":5}},"142":{"start":{"line":475,"column":4},"end":{"line":483,"column":5}},"143":{"start":{"line":476,"column":6},"end":{"line":476,"column":94}},"144":{"start":{"line":478,"column":20},"end":{"line":481,"column":8}},"145":{"start":{"line":482,"column":6},"end":{"line":482,"column":75}},"146":{"start":{"line":485,"column":4},"end":{"line":485,"column":61}},"147":{"start":{"line":488,"column":2},"end":{"line":491,"column":5}},"148":{"start":{"line":498,"column":26},"end":{"line":519,"column":1}},"149":{"start":{"line":499,"column":28},"end":{"line":499,"column":37}},"150":{"start":{"line":500,"column":19},"end":{"line":500,"column":61}},"151":{"start":{"line":502,"column":32},"end":{"line":506,"column":3}},"152":{"start":{"line":509,"column":2},"end":{"line":516,"column":3}},"153":{"start":{"line":510,"column":20},"end":{"line":510,"column":49}},"154":{"start":{"line":510,"column":35},"end":{"line":510,"column":48}},"155":{"start":{"line":511,"column":4},"end":{"line":515,"column":7}},"156":{"start":{"line":518,"column":2},"end":{"line":518,"column":53}},"157":{"start":{"line":525,"column":27},"end":{"line":528,"column":1}},"158":{"start":{"line":527,"column":2},"end":{"line":527,"column":47}},"159":{"start":{"line":534,"column":31},"end":{"line":566,"column":1}},"160":{"start":{"line":535,"column":2},"end":{"line":537,"column":3}},"161":{"start":{"line":536,"column":4},"end":{"line":536,"column":82}},"162":{"start":{"line":539,"column":15},"end":{"line":542,"column":11}},"163":{"start":{"line":544,"column":2},"end":{"line":549,"column":3}},"164":{"start":{"line":545,"column":4},"end":{"line":548,"column":7}},"165":{"start":{"line":551,"column":15},"end":{"line":551,"column":48}},"166":{"start":{"line":554,"column":2},"end":{"line":559,"column":5}},"167":{"start":{"line":561,"colum
[...]
,"C:\\Users\\HARIPRIYAN\\Desktop\\course_finder\\backend\\src\\utils\\extractYouTubeId.js": {"path":"C:\\Users\\HARIPRIYAN\\Desktop\\course_finder\\backend\\src\\utils\\extractYouTubeId.js","statementMap":{"0":{"start":{"line":9,"column":32},"end":{"line":20,"column":1}},"1":{"start":{"line":10,"column":2},"end":{"line":10,"column":24}},"2":{"start":{"line":10,"column":12},"end":{"line":10,"column":24}},"3":{"start":{"line":12,"column":17},"end":{"line":12,"column":92}},"4":{"start":{"line":13,"column":16},"end":{"line":13,"column":33}},"5":{"start":{"line":15,"column":2},"end":{"line":17,"column":3}},"6":{"start":{"line":16,"column":4},"end":{"line":16,"column":20}},"7":{"start":{"line":19,"column":2},"end":{"line":19,"column":14}}},"fnMap":{"0":{"name":"(anonymous_0)","decl":{"start":{"line":9,"column":32},"end":{"line":9,"column":33}},"loc":{"start":{"line":9,"column":41},"end":{"line":20,"column":1}},"line":9}},"branchMap":{"0":{"loc":{"start":{"line":10,"column":2},"end":{"line":10,"column":24}},"type":"if","locations":[{"start":{"line":10,"column":2},"end":{"line":10,"column":24}},{"start":{},"end":{}}],"line":10},"1":{"loc":{"start":{"line":15,"column":2},"end":{"line":17,"column":3}},"type":"if","locations":[{"start":{"line":15,"column":2},"end":{"line":17,"column":3}},{"start":{},"end":{}}],"line":15},"2":{"loc":{"start":{"line":15,"column":6},"end":{"line":15,"column":37}},"type":"binary-expr","locations":[{"start":{"line":15,"column":6},"end":{"line":15,"column":11}},{"start":{"line":15,"column":15},"end":{"line":15,"column":37}}],"line":15}},"s":{"0":0,"1":0,"2":0,"3":0,"4":0,"5":0,"6":0,"7":0},"f":{"0":0},"b":{"0":[0,0],"1":[0,0],"2":[0,0]},"inputSourceMap":null}
,"C:\\Users\\HARIPRIYAN\\Desktop\\course_finder\\backend\\src\\utils\\feedScoring.js": {"path":"C:\\Users\\HARIPRIYAN\\Desktop\\course_finder\\backend\\src\\utils\\feedScoring.js","statementMap":{"0":{"start":{"line":9,"column":28},"end":{"line":20,"column":1}},"1":{"start":{"line":29,"column":38},"end":{"line":142,"column":1}},"2":{"start":{"line":30,"column":2},"end":{"line":141,"column":4}}},"fnMap":{"0":{"name":"(anonymous_0)","decl":{"start":{"line":29,"column":38},"end":{"line":29,"column":39}},"loc":{"start":{"line":29,"column":92},"end":{"line":142,"column":1}},"line":29}},"branchMap":{"0":{"loc":{"start":{"line":29,"column":71},"end":{"line":29,"column":87}},"type":"default-arg","locations":[{"start":{"line":29,"column":85},"end":{"line":29,"column":87}}],"line":29}},"s":{"0":0,"1":0,"2":0},"f":{"0":0},"b":{"0":[0]},"inputSourceMap":null}
,"C:\\Users\\HARIPRIYAN\\Desktop\\course_finder\\backend\\src\\utils\\formatter.js": {"path":"C:\\Users\\HARIPRIYAN\\Desktop\\course_finder\\backend\\src\\utils\\formatter.js","statementMap":{"0":{"start":{"line":7,"column":19},"end":{"line":14,"column":1}},"1":{"start":{"line":8,"column":2},"end":{"line":8,"column":52}},"2":{"start":{"line":8,"column":39},"end":{"line":8,"column":52}},"3":{"start":{"line":9,"column":2},"end":{"line":13,"column":3}},"4":{"start":{"line":10,"column":4},"end":{"line":10,"column":33}},"5":{"start":{"line":12,"column":4},"end":{"line":12,"column":17}},"6":{"start":{"line":20,"column":28},"end":{"line":71,"column":1}},"7":{"start":{"line":21,"column":17},"end":{"line":21,"column":34}},"8":{"start":{"line":22,"column":15},"end":{"line":22,"column":30}},"9":{"start":{"line":23,"column":16},"end":{"line":23,"column":59}},"10":{"start":{"line":25,"column":16},"end":{"line":25,"column":69}},"11":{"start":{"line":26,"column":16},"end":{"line":26,"column":123}},"12":{"start":{"line":27,"column":19},"end":{"line":27,"column":70}},"13":{"start":{"line":28,"column":15},"end":{"line":30,"column":63}},"14":{"start":{"line":32,"column":2},"end":{"line":70,"column":4}},"15":{"start":{"line":58,"column":71},"end":{"line":58,"column":113}}},"fnMap":{"0":{"name":"(anonymous_0)","decl":{"start":{"line":7,"column":19},"end":{"line":7,"column":20}},"loc":{"start":{"line":7,"column":28},"end":{"line":14,"column":1}},"line":7},"1":{"name":"(anonymous_1)","decl":{"start":{"line":20,"column":28},"end":{"line":20,"column":29}},"loc":{"start":{"line":20,"column":65},"end":{"line":71,"column":1}},"line":20},"2":{"name":"(anonymous_2)","decl":{"start":{"line":58,"column":65},"end":{"line":58,"column":66}},"loc":{"start":{"line":58,"column":71},"end":{"line":58,"column":113}},"line":58}},"branchMap":{"0":{"loc":{"start":{"line":8,"column":2},"end":{"line":8,"column":52}},"type":"if","locations":[{"start":{"line":8,"column":2},"end":{"line":8,"column":52}},{"start":{},"end":{}}],"line":8},"1":{"loc":{"start":{"line":8,"column":6},"end":{"line":8,"column":37}},"type":"binary-expr","locations":[{"start":{"line":8,"column":6},"end":{"line":8,"column":10}},{"start":{"line":8,"column":14},"end":{"line":8,"column":37}}],"line":8},"2":{"loc":{"start":{"line":20,"column":29},"end":{"line":20,"column":38}},"type":"default-arg","locations":[{"start":{"line":20,"column":36},"end":{"line":20,"column":38}}],"line":20},"3":{"loc":{"start":{"line":20,"column":40},"end":{"line":20,"column":60}},"type":"default-arg","locations":[{"start":{"line":20,"column":56},"end":{"line":20,"column":60}}],"line":20},"4":{"loc":{"start":{"line":21,"column":17},"end":{"line":21,"column":34}},"type":"binary-expr","locations":[{"start":{"line":21,"column":17},"end":{"line":21,"column":28}},{"start":{"line":21,"column":32},"end":{"line":21,"column":34}}],"line":21},"5":{"loc":{"start":{"line":22,"column":15},"end":{"line":22,"column":30}},"type":"binary-expr","locations":[{"start":{"line":22,"column":15},"end":{"line":22,"column":24}},{"start":{"line":22,"column":28},"end":{"line":22,"column":30}}],"line":22},"6":{"loc":{"start":{"line":23,"column":16},"end":{"line":23,"column":59}},"type":"cond-expr","locations":[{"start":{"line":23,"column":44},"end":{"line":23,"column":54}},{"start":{"line":23,"column":57},"end":{"line":23,"column":59}}],"line":23},"7":{"loc":{"start":{"line":25,"column":16},"end":{"line":25,"column":69}},"type":"binary-expr","locations":[{"start":{"line":25,"column":16},"end":{"line":25,"column":28}},{"start":{"line":25,"column":32},"end":{"line":25,"column":48}},{"start":{"line":25,"column":52},"end":{"line":25,"column":69}}],"line":25},"8":{"loc":{"start":{"line":26,"column":16},"end":{"line":26,"column":123}},"type":"cond-expr","locations":[{"start":{"line":26,"column":43},"end":{"line":26,"column":55}},{"start":{"line":26,"column":59},"end":{"line":26,"column":122}}],"line":26},"9":{"loc":{"start":{"line":26,"column":59},"end":{"line":26,"column":122}},"type":"cond-expr","locations":[{"start":{"line":26,"column":90},"end":{"line":26,"column":106}},{"start":{"line":26,"column":109},"end":{"line":26,"column":122}}],"line":26},"10":{"loc":{"start":{"line":27,"column":19},"end":{"line":27,"column":70}},"type":"binary-expr","locations":[{"start":{"line":27,"column":19},"end":{"line":27,"column":34}},{"start":{"line":27,"column":38},"end":{"line":27,"column":57}},{"start":{"line":27,"column":61},"end":{"line":27,"column":70}}],"line":27},"11":{"loc":{"start":{"line":28,"column":15},"end":{"line":30,"column":63}},"type":"cond-expr","locations":[{"start":{"line":28,"column":68},"end":{"line":28,"column":77}},{"start":{"line":29,"column":16},"end":{"line":30,"column":62}}],"line":28},"12":{"loc":{"start":{"line":28,"column":16},"end":{"line":28,"column":64}},"type":"binary-expr","locations":[{"start":{"line":28,"column":16},"end":{"line":28,"column":40}},{"start":{"line":28,"column":44},"end":{"line":28,"column":64}}],"line":28},"13":{"loc":{"start":{"line":29,"column":16},"end":{"line":30,"column":62}},"type":"cond-expr","locations":[{"start":{"line":29,"column":81},"end":{"line":29,"column":96}},{"start":{"line":30,"column":16},"end":{"line":30,"column":61}}],"line":29},"14":{"loc":{"start":{"line":29,"column":17},"end":{"line":29,"column":77}},"type":"binary-expr","locations":[{"start":{"line":29,"column":17},"end":{"line":29,"column":47}},{"start":{"line":29,"column":51},"end":{"line":29,"column":77}}],"line":29},"15":{"loc":{"start":{"line":30,"column":16},"end":{"line":30,"column":61}},"type":"cond-expr","locations":[{"start":{"line":30,"column":45},"end":{"line":30,"column":56}},{"start":{"line":30,"column":59},"end":{"line":30,"column":61}}],"line":30},"16":{"loc":{"start":{"line":35,"column":8},"end":{"line":35,"column":34}},"type":"binary-expr","locations":[{"start":{"line":35,"column":8},"end":{"line":35,"column":28}},{"start":{"line":35,"column":32},"end":{"line":35,"column":34}}],"line":35},"17":{"loc":{"start":{"line":36,"column":14},"end":{"line":36,"column":69}},"type":"binary-expr","locations":[{"start":{"line":36,"column":14},"end":{"line":36,"column":36}},{"start":{"line":36,"column":40},"end":{"line":36,"column":63}},{"start":{"line":36,"column":67},"end":{"line":36,"column":69}}],"line":36},"18":{"loc":{"start":{"line":40,"column":9},"end":{"line":40,"column":25}},"type":"binary-expr","locations":[{"start":{"line":40,"column":9},"end":{"line":40,"column":19}},{"start":{"line":40,"column":23},"end":{"line":40,"column":25}}],"line":40},"19":{"loc":{"start":{"line":41,"column":15},"end":{"line":41,"column":43}},"type":"binary-expr","locations":[{"start":{"line":41,"column":15},"end":{"line":41,"column":29}},{"start":{"line":41,"column":33},"end":{"line":41,"column":43}}],"line":41},"20":{"loc":{"start":{"line":44,"column":12},"end":{"line":44,"column":28}},"type":"binary-expr","locations":[{"start":{"line":44,"column":12},"end":{"line":44,"column":23}},{"start":{"line":44,"column":27},"end":{"line":44,"column":28}}],"line":44},"21":{"loc":{"start":{"line":45,"column":12},"end":{"line":45,"column":29}},"type":"binary-expr","locations":[{"start":{"line":45,"column":12},"end":{"line":45,"column":23}},{"start":{"line":45,"column":27},"end":{"line":45,"column":29}}],"line":45},"22":{"loc":{"start":{"line":47,"column":16},"end":{"line":47,"column":40}},"type":"binary-expr","locations":[{"start":{"line":47,"column":16},"end":{"line":47,"column":25}},{"start":{"line":47,"column":29},"end":{"line":47,"column":40}}],"line":47},"23":{"loc":{"start":{"line":48,"column":12},"end":{"line":48,"column":63}},"type":"binary-expr","locations":[{"start":{"line":48,"column":12},"end":{"line":48,"column":32}},{"start":{"line":48,"column":36},"end":{"line":48,"column":57}},{"start":{"line":48,"column":61},"end":{"line":48,"column":63}}],"line":48},"24":{"loc":{"start":{"line":51,"column":16},"end":{"line":51,"column":47}},"type":"binary-expr","locations":[{"start":{"line":51,"column":16},"end":{"line":51,"column":31}},{"start":{"line":51,"column":35},"end":{"line":51,"column":47}}],"line":51},"25":{"loc":{"start":{"line":52,"column":18},"end":{"line":52,"column":40}},"type":"binary-expr","locations":[{"start":{"line":52,"column":18},"end":{"line":52,"column":35}},{"start":{"line":52,"column":39},"end":{"line":52,"column":40}}],"line":52},"26":{"loc":{"start":{"line":53,"column":19},"end":{"line":53,"column":42}},"type":"binary-expr","locations":[{"start":{"line":53,"column":19},"end":{"line":53,"column":37}},{"start":{"line":53,"column":41},"end":{"line":53,"column":42}}],"line":53},"27":{"loc":{"start":{"line":54,"column":16},"end":{"line":54,"column":36}},"type":"binary-expr","locations":[{"start":{"line":54,"column":16},"end":{"line":54,"column":31}},{"start":{"line":54,"column":35},"end":{"line":54,"column":36}}],"line":54},"28":{"loc":{"start":{"line":55,"column":16},"end":{"line":55,"column":36}},"type":"binary-expr","locations":[{"start":{"line":55,"column":16},"end":{"line":55,"column":31}},{"start":{"line":55,"column":35},"end":{"line":55,"column":36}}],"line":55},"29":{"loc":{"start":{"line":56,"column":21},"end":{"line":56,"column":46}},"type":"binary-expr","locations":[{"start":{"line":56,"column":21},"end":{"line":56,"column":41}},{"start":{"line":56,"column":45},"end":{"line":56,"column":46}}],"line":56},"30":{"loc":{"start":{"line":58,"column":17},"end":{"line":58,"column":123}},"type":"binary-expr","locations":[{"start":{"line":58,"column":17},"end":{"line":58,"column":33}},{"start":{"line":58,"column":38},"end":{"line":58,"column":122}}],"line":58},"31":{"loc":{"start":{"line":58,"column":38},"end":{"line":58,"column":122}},"type":"cond-expr","locations":[{"start":{"line":58,"column":54},"end":{"line":58,"column":114}},{"start":{"line":58,"column":117},"end":{"line":58,"column":122}}],"line":58},"32":{"loc":{"start":{"line":59,"column":14},"end":{"line":59,"column":55}},"type":"binary-expr","locations":[{"start":{"line":59,"column":14},"end":{"line":59,"column":27}},{"start":{"line":59,"column":31},"end":{"line":59,"column":46}},{"start":{"line":59,"column":50},"end":{"line":59,"column":55}}],"line":59},"33":{"loc":{"start":{"line":62,"column":17},"end":{"line":62,"column":39}},"type":"binary-expr","locations":[{"start":{"line":62,"column":17},"end":{"line":62,"column":33}},{"start":{"line":62,"column":37},"end":{"line":62,"column":39}}],"line":62},"34":{"loc":{"start":{"line":63,"column":15},"end":{"line":63,"column":66}},"type":"cond-expr","locations":[{"start":{"line":63,"column":47},"end":{"line":63,"column":61}},{"start":{"line":63,"column":64},"end":{"line":63,"column":66}}],"line":63},"35":{"loc":{"start":{"line":65,"column":12},"end":{"line":65,"column":36}},"type":"binary-expr","locations":[{"start":{"line":65,"column":12},"end":{"line":65,"column":23}},{"start":{"line":65,"column":27},"end":{"line":65,"column":36}}],"line":65},"36":{"loc":{"start":{"line":68,"column":20},"end":{"line":68,"column":45}},"type":"binary-expr","locations":[{"start":{"line":68,"column":20},"end":{"line":68,"column":39}},{"start":{"line":68,"column":43},"end":{"line":68,"column":45}}],"line":68},"37":{"loc":{"start":{"line":69,"column":25},"end":{"line":69,"column":55}},"type":"binary-expr","locations":[{"start":{"line":69,"column":25},"end":{"line":69,"column":49}},{"start":{"line":69,"column":53},"end":{"line":69,"column":55}}],"line":69}},"s":{"0":0,"1":0,"2":0,"3":0,"4":0,"5":0,"6":0,"7":0,"8":0,"9":0,"10":0,"11":0,"12":0,"13":0,"14":0,"15":0},"f":{"0":0,"1":0,"2":0},"b":{"0":[0,0],"1":[0,0],"2":[0],"3":[0],"4":[0,0],"5":[0,0],"6":[0,0],"7":[0,0,0],"8":[0,0],"9":[0,0],"10":[0,0,0],"11":[0,0],"12":[0,0],"13":[0,0],"14":[0,0],"15":[0,0],"16":[0,0],"17":[0,0,0],"18":[0,0],"19":[0,0],"20":[0,0],"21":[0,0],"22":[0,0],"23":[0,0,0],"24":[0,0],"25":[0,0],"26":[0,0],"27":[0,0],"28":[0,0],"29":[0,0],"30":[0,0],"31":[0,0],"32":[0,0,0],"33":[0,0],"34":[0,0],"35":[0,0],"36":[0,0],"37":[0,0]},"inputSourceMap":null}
,"C:\\Users\\HARIPRIYAN\\Desktop\\course_finder\\backend\\src\\utils\\generateToken.js": {"path":"C:\\Users\\HARIPRIYAN\\Desktop\\course_finder\\backend\\src\\utils\\generateToken.js","statementMap":{"0":{"start":{"line":8,"column":35},"end":{"line":16,"column":1}},"1":{"start":{"line":9,"column":17},"end":{"line":9,"column":46}},"2":{"start":{"line":10,"column":2},"end":{"line":12,"column":3}},"3":{"start":{"line":11,"column":4},"end":{"line":11,"column":81}},"4":{"start":{"line":13,"column":2},"end":{"line":15,"column":5}},"5":{"start":{"line":23,"column":36},"end":{"line":31,"column":1}},"6":{"start":{"line":24,"column":17},"end":{"line":24,"column":47}},"7":{"start":{"line":25,"column":2},"end":{"line":27,"column":3}},"8":{"start":{"line":26,"column":4},"end":{"line":26,"column":82}},"9":{"start":{"line":28,"column":2},"end":{"line":30,"column":5}}},"fnMap":{"0":{"name":"(anonymous_0)","decl":{"start":{"line":8,"column":35},"end":{"line":8,"column":36}},"loc":{"start":{"line":8,"column":43},"end":{"line":16,"column":1}},"line":8},"1":{"name":"(anonymous_1)","decl":{"start":{"line":23,"column":36},"end":{"line":23,"column":37}},"loc":{"start":{"line":23,"column":44},"end":{"line":31,"column":1}},"line":23}},"branchMap":{"0":{"loc":{"start":{"line":10,"column":2},"end":{"line":12,"column":3}},"type":"if","locations":[{"start":{"line":10,"column":2},"end":{"line":12,"column":3}},{"start":{},"end":{}}],"line":10},"1":{"loc":{"start":{"line":14,"column":15},"end":{"line":14,"column":57}},"type":"binary-expr","locations":[{"start":{"line":14,"column":15},"end":{"line":14,"column":48}},{"start":{"line":14,"column":52},"end":{"line":14,"column":57}}],"line":14},"2":{"loc":{"start":{"line":25,"column":2},"end":{"line":27,"column":3}},"type":"if","locations":[{"start":{"line":25,"column":2},"end":{"line":27,"column":3}},{"start":{},"end":{}}],"line":25},"3":{"loc":{"start":{"line":29,"column":15},"end":{"line":29,"column":57}},"type":"binary-expr","locations":[{"start":{"line":29,"column":15},"end":{"line":29,"column":49}},{"start":{"line":29,"column":53},"end":{"line":29,"column":57}}],"line":29}},"s":{"0":0,"1":0,"2":0,"3":0,"4":0,"5":0,"6":0,"7":0,"8":0,"9":0},"f":{"0":0,"1":0},"b":{"0":[0,0],"1":[0,0],"2":[0,0],"3":[0,0]},"inputSourceMap":null}
,"C:\\Users\\HARIPRIYAN\\Desktop\\course_finder\\backend\\src\\utils\\logger.js": {"path":"C:\\Users\\HARIPRIYAN\\Desktop\\course_finder\\backend\\src\\utils\\logger.js","statementMap":{"0":{"start":{"line":5,"column":29},"end":{"line":17,"column":1}},"1":{"start":{"line":6,"column":15},"end":{"line":12,"column":3}},"2":{"start":{"line":16,"column":2},"end":{"line":16,"column":37}}},"fnMap":{"0":{"name":"(anonymous_0)","decl":{"start":{"line":5,"column":29},"end":{"line":5,"column":30}},"loc":{"start":{"line":5,"column":39},"end":{"line":17,"column":1}},"line":5}},"branchMap":{"0":{"loc":{"start":{"line":7,"column":13},"end":{"line":7,"column":50}},"type":"binary-expr","locations":[{"start":{"line":7,"column":13},"end":{"line":7,"column":25}},{"start":{"line":7,"column":29},"end":{"line":7,"column":50}}],"line":7},"1":{"loc":{"start":{"line":8,"column":9},"end":{"line":8,"column":26}},"type":"binary-expr","locations":[{"start":{"line":8,"column":9},"end":{"line":8,"column":17}},{"start":{"line":8,"column":21},"end":{"line":8,"column":26}}],"line":8},"2":{"loc":{"start":{"line":9,"column":12},"end":{"line":9,"column":34}},"type":"binary-expr","locations":[{"start":{"line":9,"column":12},"end":{"line":9,"column":23}},{"start":{"line":9,"column":27},"end":{"line":9,"column":34}}],"line":9},"3":{"loc":{"start":{"line":11,"column":11},"end":{"line":11,"column":38}},"type":"binary-expr","locations":[{"start":{"line":11,"column":11},"end":{"line":11,"column":21}},{"start":{"line":11,"column":25},"end":{"line":11,"column":38}}],"line":11}},"s":{"0":0,"1":0,"2":0},"f":{"0":0},"b":{"0":[0,0],"1":[0,0],"2":[0,0],"3":[0,0]},"inputSourceMap":null}
,"C:\\Users\\HARIPRIYAN\\Desktop\\course_finder\\backend\\src\\utils\\regexUtils.js": {"path":"C:\\Users\\HARIPRIYAN\\Desktop\\course_finder\\backend\\src\\utils\\regexUtils.js","statementMap":{"0":{"start":{"line":7,"column":27},"end":{"line":9,"column":1}},"1":{"start":{"line":8,"column":2},"end":{"line":8,"column":55}}},"fnMap":{"0":{"name":"(anonymous_0)","decl":{"start":{"line":7,"column":27},"end":{"line":7,"column":28}},"loc":{"start":{"line":7,"column":39},"end":{"line":9,"column":1}},"line":7}},"branchMap":{},"s":{"0":0,"1":0},"f":{"0":0},"b":{},"inputSourceMap":null}
}
